{"/home/illnar/Projects/PowerCV/frontend/src/api/resumes.ts": {"path":"/home/illnar/Projects/PowerCV/frontend/src/api/resumes.ts","statementMap":{"0":{"start":{"line":5,"column":26},"end":{"line":107,"column":null}},"1":{"start":{"line":7,"column":19},"end":{"line":12,"column":null}},"2":{"start":{"line":13,"column":2},"end":{"line":13,"column":null}},"3":{"start":{"line":17,"column":19},"end":{"line":17,"column":null}},"4":{"start":{"line":18,"column":2},"end":{"line":18,"column":null}},"5":{"start":{"line":22,"column":19},"end":{"line":25,"column":null}},"6":{"start":{"line":26,"column":2},"end":{"line":26,"column":null}},"7":{"start":{"line":30,"column":2},"end":{"line":30,"column":null}},"8":{"start":{"line":34,"column":19},"end":{"line":37,"column":null}},"9":{"start":{"line":38,"column":2},"end":{"line":38,"column":null}},"10":{"start":{"line":42,"column":19},"end":{"line":47,"column":null}},"11":{"start":{"line":48,"column":2},"end":{"line":48,"column":null}},"12":{"start":{"line":52,"column":19},"end":{"line":57,"column":null}},"13":{"start":{"line":58,"column":2},"end":{"line":58,"column":null}},"14":{"start":{"line":62,"column":19},"end":{"line":70,"column":null}},"15":{"start":{"line":71,"column":2},"end":{"line":71,"column":null}},"16":{"start":{"line":80,"column":19},"end":{"line":87,"column":null}},"17":{"start":{"line":88,"column":2},"end":{"line":88,"column":null}},"18":{"start":{"line":92,"column":19},"end":{"line":97,"column":null}},"19":{"start":{"line":98,"column":2},"end":{"line":98,"column":null}},"20":{"start":{"line":102,"column":19},"end":{"line":104,"column":null}},"21":{"start":{"line":105,"column":2},"end":{"line":105,"column":null}}},"fnMap":{"0":{"name":"(anonymous_0)","decl":{"start":{"line":6,"column":13},"end":{"line":6,"column":20}},"loc":{"start":{"line":6,"column":76},"end":{"line":14,"column":null}},"line":6},"1":{"name":"(anonymous_1)","decl":{"start":{"line":16,"column":12},"end":{"line":16,"column":19}},"loc":{"start":{"line":16,"column":34},"end":{"line":19,"column":null}},"line":16},"2":{"name":"(anonymous_2)","decl":{"start":{"line":21,"column":15},"end":{"line":21,"column":22}},"loc":{"start":{"line":21,"column":53},"end":{"line":27,"column":null}},"line":21},"3":{"name":"(anonymous_3)","decl":{"start":{"line":29,"column":15},"end":{"line":29,"column":22}},"loc":{"start":{"line":29,"column":37},"end":{"line":31,"column":null}},"line":29},"4":{"name":"(anonymous_4)","decl":{"start":{"line":33,"column":17},"end":{"line":33,"column":24}},"loc":{"start":{"line":33,"column":58},"end":{"line":39,"column":null}},"line":33},"5":{"name":"(anonymous_5)","decl":{"start":{"line":41,"column":25},"end":{"line":41,"column":32}},"loc":{"start":{"line":41,"column":47},"end":{"line":49,"column":null}},"line":41},"6":{"name":"(anonymous_6)","decl":{"start":{"line":51,"column":22},"end":{"line":51,"column":29}},"loc":{"start":{"line":51,"column":44},"end":{"line":59,"column":null}},"line":51},"7":{"name":"(anonymous_7)","decl":{"start":{"line":61,"column":15},"end":{"line":61,"column":22}},"loc":{"start":{"line":61,"column":45},"end":{"line":72,"column":null}},"line":61},"8":{"name":"(anonymous_8)","decl":{"start":{"line":74,"column":17},"end":{"line":74,"column":null}},"loc":{"start":{"line":79,"column":6},"end":{"line":89,"column":null}},"line":79},"9":{"name":"(anonymous_9)","decl":{"start":{"line":91,"column":14},"end":{"line":91,"column":21}},"loc":{"start":{"line":91,"column":60},"end":{"line":99,"column":null}},"line":91},"10":{"name":"(anonymous_10)","decl":{"start":{"line":101,"column":15},"end":{"line":101,"column":27}},"loc":{"start":{"line":101,"column":27},"end":{"line":106,"column":null}},"line":101}},"branchMap":{"0":{"loc":{"start":{"line":6,"column":48},"end":{"line":6,"column":58}},"type":"default-arg","locations":[{"start":{"line":6,"column":55},"end":{"line":6,"column":58}}],"line":6},"1":{"loc":{"start":{"line":6,"column":58},"end":{"line":6,"column":76}},"type":"default-arg","locations":[{"start":{"line":6,"column":69},"end":{"line":6,"column":76}}],"line":6}},"s":{"0":1,"1":1,"2":1,"3":1,"4":1,"5":1,"6":1,"7":1,"8":1,"9":1,"10":0,"11":0,"12":0,"13":0,"14":1,"15":1,"16":1,"17":1,"18":1,"19":1,"20":1,"21":1},"f":{"0":1,"1":1,"2":1,"3":1,"4":1,"5":0,"6":0,"7":1,"8":1,"9":1,"10":1},"b":{"0":[1],"1":[1]},"meta":{"lastBranch":2,"lastFunction":11,"lastStatement":22,"seen":{"s:5:26:107:Infinity":0,"f:6:13:6:20":0,"b:6:55:6:58":0,"b:6:69:6:76":1,"s:7:19:12:Infinity":1,"s:13:2:13:Infinity":2,"f:16:12:16:19":1,"s:17:19:17:Infinity":3,"s:18:2:18:Infinity":4,"f:21:15:21:22":2,"s:22:19:25:Infinity":5,"s:26:2:26:Infinity":6,"f:29:15:29:22":3,"s:30:2:30:Infinity":7,"f:33:17:33:24":4,"s:34:19:37:Infinity":8,"s:38:2:38:Infinity":9,"f:41:25:41:32":5,"s:42:19:47:Infinity":10,"s:48:2:48:Infinity":11,"f:51:22:51:29":6,"s:52:19:57:Infinity":12,"s:58:2:58:Infinity":13,"f:61:15:61:22":7,"s:62:19:70:Infinity":14,"s:71:2:71:Infinity":15,"f:74:17:74:Infinity":8,"s:80:19:87:Infinity":16,"s:88:2:88:Infinity":17,"f:91:14:91:21":9,"s:92:19:97:Infinity":18,"s:98:2:98:Infinity":19,"f:101:15:101:27":10,"s:102:19:104:Infinity":20,"s:105:2:105:Infinity":21}}}
}
