{"meta": {"format": 3, "version": "7.13.1", "timestamp": "2026-01-16T16:46:30.297663", "branch_coverage": false, "show_contexts": false}, "files": {"app/__init__.py": {"executed_lines": [7], "summary": {"covered_lines": 1, "num_statements": 1, "percent_covered": 100.0, "percent_covered_display": "100", "missing_lines": 0, "excluded_lines": 0, "percent_statements_covered": 100.0, "percent_statements_covered_display": "100"}, "missing_lines": [], "excluded_lines": [], "functions": {"": {"executed_lines": [7], "summary": {"covered_lines": 1, "num_statements": 1, "percent_covered": 100.0, "percent_covered_display": "100", "missing_lines": 0, "excluded_lines": 0, "percent_statements_covered": 100.0, "percent_statements_covered_display": "100"}, "missing_lines": [], "excluded_lines": [], "start_line": 1}}, "classes": {"": {"executed_lines": [7], "summary": {"covered_lines": 1, "num_statements": 1, "percent_covered": 100.0, "percent_covered_display": "100", "missing_lines": 0, "excluded_lines": 0, "percent_statements_covered": 100.0, "percent_statements_covered_display": "100"}, "missing_lines": [], "excluded_lines": [], "start_line": 1}}}, "app/api/__init__.py": {"executed_lines": [], "summary": {"covered_lines": 0, "num_statements": 0, "percent_covered": 100.0, "percent_covered_display": "100", "missing_lines": 0, "excluded_lines": 0, "percent_statements_covered": 100.0, "percent_statements_covered_display": "100"}, "missing_lines": [], "excluded_lines": [], "functions": {"": {"executed_lines": [], "summary": {"covered_lines": 0, "num_statements": 0, "percent_covered": 100.0, "percent_covered_display": "100", "missing_lines": 0, "excluded_lines": 0, "percent_statements_covered": 100.0, "percent_statements_covered_display": "100"}, "missing_lines": [], "excluded_lines": [], "start_line": 1}}, "classes": {"": {"executed_lines": [], "summary": {"covered_lines": 0, "num_statements": 0, "percent_covered": 100.0, "percent_covered_display": "100", "missing_lines": 0, "excluded_lines": 0, "percent_statements_covered": 100.0, "percent_statements_covered_display": "100"}, "missing_lines": [], "excluded_lines": [], "start_line": 1}}}, "app/api/routers/__init__.py": {"executed_lines": [], "summary": {"covered_lines": 0, "num_statements": 0, "percent_covered": 100.0, "percent_covered_display": "100", "missing_lines": 0, "excluded_lines": 0, "percent_statements_covered": 100.0, "percent_statements_covered_display": "100"}, "missing_lines": [], "excluded_lines": [], "functions": {"": {"executed_lines": [], "summary": {"covered_lines": 0, "num_statements": 0, "percent_covered": 100.0, "percent_covered_display": "100", "missing_lines": 0, "excluded_lines": 0, "percent_statements_covered": 100.0, "percent_statements_covered_display": "100"}, "missing_lines": [], "excluded_lines": [], "start_line": 1}}, "classes": {"": {"executed_lines": [], "summary": {"covered_lines": 0, "num_statements": 0, "percent_covered": 100.0, "percent_covered_display": "100", "missing_lines": 0, "excluded_lines": 0, "percent_statements_covered": 100.0, "percent_statements_covered_display": "100"}, "missing_lines": [], "excluded_lines": [], "start_line": 1}}}, "app/api/routers/comprehensive_optimizer.py": {"executed_lines": [8, 9, 11, 12, 14, 15, 16, 17, 19, 23, 26, 27, 28, 29, 30, 36, 39, 40, 43, 46, 49, 52, 53, 56, 59, 60, 64, 69, 74, 80, 147, 153, 170, 176, 193, 199, 216, 222, 239, 245, 249, 252, 258, 262, 265, 271, 275, 278, 284, 288], "summary": {"covered_lines": 50, "num_statements": 90, "percent_covered": 55.55555555555556, "percent_covered_display": "56", "missing_lines": 40, "excluded_lines": 0, "percent_statements_covered": 55.55555555555556, "percent_statements_covered_display": "56"}, "missing_lines": [71, 85, 87, 88, 89, 94, 97, 98, 114, 117, 118, 127, 128, 129, 130, 131, 135, 136, 137, 141, 158, 159, 162, 163, 164, 181, 182, 185, 186, 187, 204, 205, 208, 209, 210, 227, 228, 231, 232, 233], "excluded_lines": [], "functions": {"get_comprehensive_optimizer": {"executed_lines": [], "summary": {"covered_lines": 0, "num_statements": 1, "percent_covered": 0.0, "percent_covered_display": "0", "missing_lines": 1, "excluded_lines": 0, "percent_statements_covered": 0.0, "percent_statements_covered_display": "0"}, "missing_lines": [71], "excluded_lines": [], "start_line": 69}, "master_optimization": {"executed_lines": [], "summary": {"covered_lines": 0, "num_statements": 19, "percent_covered": 0.0, "percent_covered_display": "0", "missing_lines": 19, "excluded_lines": 0, "percent_statements_covered": 0.0, "percent_statements_covered_display": "0"}, "missing_lines": [85, 87, 88, 89, 94, 97, 98, 114, 117, 118, 127, 128, 129, 130, 131, 135, 136, 137, 141], "excluded_lines": [], "start_line": 80}, "ats_keyword_analysis": {"executed_lines": [], "summary": {"covered_lines": 0, "num_statements": 5, "percent_covered": 0.0, "percent_covered_display": "0", "missing_lines": 5, "excluded_lines": 0, "percent_statements_covered": 0.0, "percent_statements_covered_display": "0"}, "missing_lines": [158, 159, 162, 163, 164], "excluded_lines": [], "start_line": 153}, "extract_hidden_achievements": {"executed_lines": [], "summary": {"covered_lines": 0, "num_statements": 5, "percent_covered": 0.0, "percent_covered_display": "0", "missing_lines": 5, "excluded_lines": 0, "percent_statements_covered": 0.0, "percent_statements_covered_display": "0"}, "missing_lines": [181, 182, 185, 186, 187], "excluded_lines": [], "start_line": 176}, "create_three_versions": {"executed_lines": [], "summary": {"covered_lines": 0, "num_statements": 5, "percent_covered": 0.0, "percent_covered_display": "0", "missing_lines": 5, "excluded_lines": 0, "percent_statements_covered": 0.0, "percent_statements_covered_display": "0"}, "missing_lines": [204, 205, 208, 209, 210], "excluded_lines": [], "start_line": 199}, "iterative_improvement": {"executed_lines": [], "summary": {"covered_lines": 0, "num_statements": 5, "percent_covered": 0.0, "percent_covered_display": "0", "missing_lines": 5, "excluded_lines": 0, "percent_statements_covered": 0.0, "percent_statements_covered_display": "0"}, "missing_lines": [227, 228, 231, 232, 233], "excluded_lines": [], "start_line": 222}, "get_quick_start_workflows": {"executed_lines": [249], "summary": {"covered_lines": 1, "num_statements": 1, "percent_covered": 100.0, "percent_covered_display": "100", "missing_lines": 0, "excluded_lines": 0, "percent_statements_covered": 100.0, "percent_statements_covered_display": "100"}, "missing_lines": [], "excluded_lines": [], "start_line": 245}, "get_pro_tips": {"executed_lines": [262], "summary": {"covered_lines": 1, "num_statements": 1, "percent_covered": 100.0, "percent_covered_display": "100", "missing_lines": 0, "excluded_lines": 0, "percent_statements_covered": 100.0, "percent_statements_covered_display": "100"}, "missing_lines": [], "excluded_lines": [], "start_line": 258}, "get_eu_2025_alignment": {"executed_lines": [275], "summary": {"covered_lines": 1, "num_statements": 1, "percent_covered": 100.0, "percent_covered_display": "100", "missing_lines": 0, "excluded_lines": 0, "percent_statements_covered": 100.0, "percent_statements_covered_display": "100"}, "missing_lines": [], "excluded_lines": [], "start_line": 271}, "get_master_skills": {"executed_lines": [288], "summary": {"covered_lines": 1, "num_statements": 1, "percent_covered": 100.0, "percent_covered_display": "100", "missing_lines": 0, "excluded_lines": 0, "percent_statements_covered": 100.0, "percent_statements_covered_display": "100"}, "missing_lines": [], "excluded_lines": [], "start_line": 284}, "": {"executed_lines": [8, 9, 11, 12, 14, 15, 16, 17, 19, 23, 26, 27, 28, 29, 30, 36, 39, 40, 43, 46, 49, 52, 53, 56, 59, 60, 64, 69, 74, 80, 147, 153, 170, 176, 193, 199, 216, 222, 239, 245, 252, 258, 265, 271, 278, 284], "summary": {"covered_lines": 46, "num_statements": 46, "percent_covered": 100.0, "percent_covered_display": "100", "missing_lines": 0, "excluded_lines": 0, "percent_statements_covered": 100.0, "percent_statements_covered_display": "100"}, "missing_lines": [], "excluded_lines": [], "start_line": 1}}, "classes": {"MasterOptimizationRequest": {"executed_lines": [], "summary": {"covered_lines": 0, "num_statements": 0, "percent_covered": 100.0, "percent_covered_display": "100", "missing_lines": 0, "excluded_lines": 0, "percent_statements_covered": 100.0, "percent_statements_covered_display": "100"}, "missing_lines": [], "excluded_lines": [], "start_line": 23}, "ATSAnalysisRequest": {"executed_lines": [], "summary": {"covered_lines": 0, "num_statements": 0, "percent_covered": 100.0, "percent_covered_display": "100", "missing_lines": 0, "excluded_lines": 0, "percent_statements_covered": 100.0, "percent_statements_covered_display": "100"}, "missing_lines": [], "excluded_lines": [], "start_line": 36}, "HiddenAchievementsRequest": {"executed_lines": [], "summary": {"covered_lines": 0, "num_statements": 0, "percent_covered": 100.0, "percent_covered_display": "100", "missing_lines": 0, "excluded_lines": 0, "percent_statements_covered": 100.0, "percent_statements_covered_display": "100"}, "missing_lines": [], "excluded_lines": [], "start_line": 43}, "ThreeVersionRequest": {"executed_lines": [], "summary": {"covered_lines": 0, "num_statements": 0, "percent_covered": 100.0, "percent_covered_display": "100", "missing_lines": 0, "excluded_lines": 0, "percent_statements_covered": 100.0, "percent_statements_covered_display": "100"}, "missing_lines": [], "excluded_lines": [], "start_line": 49}, "IterativeImprovementRequest": {"executed_lines": [], "summary": {"covered_lines": 0, "num_statements": 0, "percent_covered": 100.0, "percent_covered_display": "100", "missing_lines": 0, "excluded_lines": 0, "percent_statements_covered": 100.0, "percent_statements_covered_display": "100"}, "missing_lines": [], "excluded_lines": [], "start_line": 56}, "": {"executed_lines": [8, 9, 11, 12, 14, 15, 16, 17, 19, 23, 26, 27, 28, 29, 30, 36, 39, 40, 43, 46, 49, 52, 53, 56, 59, 60, 64, 69, 74, 80, 147, 153, 170, 176, 193, 199, 216, 222, 239, 245, 249, 252, 258, 262, 265, 271, 275, 278, 284, 288], "summary": {"covered_lines": 50, "num_statements": 90, "percent_covered": 55.55555555555556, "percent_covered_display": "56", "missing_lines": 40, "excluded_lines": 0, "percent_statements_covered": 55.55555555555556, "percent_statements_covered_display": "56"}, "missing_lines": [71, 85, 87, 88, 89, 94, 97, 98, 114, 117, 118, 127, 128, 129, 130, 131, 135, 136, 137, 141, 158, 159, 162, 163, 164, 181, 182, 185, 186, 187, 204, 205, 208, 209, 210, 227, 228, 231, 232, 233], "excluded_lines": [], "start_line": 1}}}, "app/api/routers/cover_letter.py": {"executed_lines": [9, 10, 11, 12, 14, 24, 26, 27, 31, 38, 39, 43, 46, 49, 52, 55, 68, 75, 99, 101, 111, 125, 137, 143, 219, 225, 310, 316, 334, 335, 340, 341, 344, 350, 365, 366, 368, 369, 381, 384, 390, 410, 411, 416, 417, 422, 425, 431, 449, 450, 455, 456, 461, 464, 470, 597, 603, 620, 621, 623, 636, 639, 645, 660, 663, 669, 706, 712], "summary": {"covered_lines": 68, "num_statements": 193, "percent_covered": 35.233160621761655, "percent_covered_display": "35", "missing_lines": 125, "excluded_lines": 0, "percent_statements_covered": 35.233160621761655, "percent_statements_covered_display": "35"}, "missing_lines": [61, 117, 118, 119, 134, 164, 166, 185, 190, 202, 203, 204, 208, 210, 211, 212, 213, 248, 250, 251, 252, 257, 260, 261, 262, 263, 266, 267, 270, 271, 277, 278, 283, 289, 290, 291, 296, 301, 302, 303, 304, 336, 412, 418, 451, 457, 488, 489, 490, 495, 496, 502, 505, 524, 525, 526, 529, 530, 532, 534, 535, 540, 543, 544, 547, 548, 549, 550, 551, 552, 553, 554, 555, 556, 557, 558, 559, 560, 563, 564, 565, 566, 568, 570, 571, 572, 573, 575, 578, 579, 580, 581, 582, 583, 584, 587, 588, 589, 591, 593, 594, 624, 680, 681, 683, 684, 687, 688, 689, 697, 699, 700, 730, 731, 732, 733, 737, 738, 740, 741, 745, 747, 748, 749, 750], "excluded_lines": [], "functions": {"get_ai_generator": {"executed_lines": [], "summary": {"covered_lines": 0, "num_statements": 1, "percent_covered": 0.0, "percent_covered_display": "0", "missing_lines": 1, "excluded_lines": 0, "percent_statements_covered": 0.0, "percent_statements_covered_display": "0"}, "missing_lines": [61], "excluded_lines": [], "start_line": 55}, "generate_cover_letter_with_ai": {"executed_lines": [99, 101, 111], "summary": {"covered_lines": 3, "num_statements": 6, "percent_covered": 50.0, "percent_covered_display": "50", "missing_lines": 3, "excluded_lines": 0, "percent_statements_covered": 50.0, "percent_statements_covered_display": "50"}, "missing_lines": [117, 118, 119], "excluded_lines": [], "start_line": 75}, "get_cover_letter_repository": {"executed_lines": [], "summary": {"covered_lines": 0, "num_statements": 1, "percent_covered": 0.0, "percent_covered_display": "0", "missing_lines": 1, "excluded_lines": 0, "percent_statements_covered": 0.0, "percent_statements_covered_display": "0"}, "missing_lines": [134], "excluded_lines": [], "start_line": 125}, "create_cover_letter": {"executed_lines": [], "summary": {"covered_lines": 0, "num_statements": 12, "percent_covered": 0.0, "percent_covered_display": "0", "missing_lines": 12, "excluded_lines": 0, "percent_statements_covered": 0.0, "percent_statements_covered_display": "0"}, "missing_lines": [164, 166, 185, 190, 202, 203, 204, 208, 210, 211, 212, 213], "excluded_lines": [], "start_line": 143}, "generate_cover_letter": {"executed_lines": [], "summary": {"covered_lines": 0, "num_statements": 24, "percent_covered": 0.0, "percent_covered_display": "0", "missing_lines": 24, "excluded_lines": 0, "percent_statements_covered": 0.0, "percent_statements_covered_display": "0"}, "missing_lines": [248, 250, 251, 252, 257, 260, 261, 262, 263, 266, 267, 270, 271, 277, 278, 283, 289, 290, 291, 296, 301, 302, 303, 304], "excluded_lines": [], "start_line": 225}, "get_cover_letter": {"executed_lines": [334, 335, 340, 341], "summary": {"covered_lines": 4, "num_statements": 5, "percent_covered": 80.0, "percent_covered_display": "80", "missing_lines": 1, "excluded_lines": 0, "percent_statements_covered": 80.0, "percent_statements_covered_display": "80"}, "missing_lines": [336], "excluded_lines": [], "start_line": 316}, "get_user_cover_letters": {"executed_lines": [365, 366, 368, 369, 381], "summary": {"covered_lines": 5, "num_statements": 5, "percent_covered": 100.0, "percent_covered_display": "100", "missing_lines": 0, "excluded_lines": 0, "percent_statements_covered": 100.0, "percent_statements_covered_display": "100"}, "missing_lines": [], "excluded_lines": [], "start_line": 350}, "update_cover_letter": {"executed_lines": [410, 411, 416, 417, 422], "summary": {"covered_lines": 5, "num_statements": 7, "percent_covered": 71.42857142857143, "percent_covered_display": "71", "missing_lines": 2, "excluded_lines": 0, "percent_statements_covered": 71.42857142857143, "percent_statements_covered_display": "71"}, "missing_lines": [412, 418], "excluded_lines": [], "start_line": 390}, "delete_cover_letter": {"executed_lines": [449, 450, 455, 456, 461], "summary": {"covered_lines": 5, "num_statements": 7, "percent_covered": 71.42857142857143, "percent_covered_display": "71", "missing_lines": 2, "excluded_lines": 0, "percent_statements_covered": 71.42857142857143, "percent_statements_covered_display": "71"}, "missing_lines": [451, 457], "excluded_lines": [], "start_line": 431}, "download_cover_letter_pdf": {"executed_lines": [], "summary": {"covered_lines": 0, "num_statements": 55, "percent_covered": 0.0, "percent_covered_display": "0", "missing_lines": 55, "excluded_lines": 0, "percent_statements_covered": 0.0, "percent_statements_covered_display": "0"}, "missing_lines": [488, 489, 490, 495, 496, 502, 505, 524, 525, 526, 529, 530, 532, 534, 535, 540, 543, 544, 547, 548, 549, 550, 551, 552, 553, 554, 555, 556, 557, 558, 559, 560, 563, 564, 565, 566, 568, 570, 571, 572, 573, 575, 578, 579, 580, 581, 582, 583, 584, 587, 588, 589, 591, 593, 594], "excluded_lines": [], "start_line": 470}, "search_cover_letters": {"executed_lines": [620, 621, 623, 636], "summary": {"covered_lines": 4, "num_statements": 5, "percent_covered": 80.0, "percent_covered_display": "80", "missing_lines": 1, "excluded_lines": 0, "percent_statements_covered": 80.0, "percent_statements_covered_display": "80"}, "missing_lines": [624], "excluded_lines": [], "start_line": 603}, "get_cover_letter_statistics": {"executed_lines": [660], "summary": {"covered_lines": 1, "num_statements": 1, "percent_covered": 100.0, "percent_covered_display": "100", "missing_lines": 0, "excluded_lines": 0, "percent_statements_covered": 100.0, "percent_statements_covered_display": "100"}, "missing_lines": [], "excluded_lines": [], "start_line": 645}, "get_cover_letter_templates": {"executed_lines": [], "summary": {"covered_lines": 0, "num_statements": 10, "percent_covered": 0.0, "percent_covered_display": "0", "missing_lines": 10, "excluded_lines": 0, "percent_statements_covered": 0.0, "percent_statements_covered_display": "0"}, "missing_lines": [680, 681, 683, 684, 687, 688, 689, 697, 699, 700], "excluded_lines": [], "start_line": 669}, "preview_cover_letter": {"executed_lines": [], "summary": {"covered_lines": 0, "num_statements": 13, "percent_covered": 0.0, "percent_covered_display": "0", "missing_lines": 13, "excluded_lines": 0, "percent_statements_covered": 0.0, "percent_statements_covered_display": "0"}, "missing_lines": [730, 731, 732, 733, 737, 738, 740, 741, 745, 747, 748, 749, 750], "excluded_lines": [], "start_line": 712}, "": {"executed_lines": [9, 10, 11, 12, 14, 24, 26, 27, 31, 38, 39, 43, 46, 49, 52, 55, 68, 75, 125, 137, 143, 219, 225, 310, 316, 344, 350, 384, 390, 425, 431, 464, 470, 597, 603, 639, 645, 663, 669, 706, 712], "summary": {"covered_lines": 41, "num_statements": 41, "percent_covered": 100.0, "percent_covered_display": "100", "missing_lines": 0, "excluded_lines": 0, "percent_statements_covered": 100.0, "percent_statements_covered_display": "100"}, "missing_lines": [], "excluded_lines": [], "start_line": 1}}, "classes": {"": {"executed_lines": [9, 10, 11, 12, 14, 24, 26, 27, 31, 38, 39, 43, 46, 49, 52, 55, 68, 75, 99, 101, 111, 125, 137, 143, 219, 225, 310, 316, 334, 335, 340, 341, 344, 350, 365, 366, 368, 369, 381, 384, 390, 410, 411, 416, 417, 422, 425, 431, 449, 450, 455, 456, 461, 464, 470, 597, 603, 620, 621, 623, 636, 639, 645, 660, 663, 669, 706, 712], "summary": {"covered_lines": 68, "num_statements": 193, "percent_covered": 35.233160621761655, "percent_covered_display": "35", "missing_lines": 125, "excluded_lines": 0, "percent_statements_covered": 35.233160621761655, "percent_statements_covered_display": "35"}, "missing_lines": [61, 117, 118, 119, 134, 164, 166, 185, 190, 202, 203, 204, 208, 210, 211, 212, 213, 248, 250, 251, 252, 257, 260, 261, 262, 263, 266, 267, 270, 271, 277, 278, 283, 289, 290, 291, 296, 301, 302, 303, 304, 336, 412, 418, 451, 457, 488, 489, 490, 495, 496, 502, 505, 524, 525, 526, 529, 530, 532, 534, 535, 540, 543, 544, 547, 548, 549, 550, 551, 552, 553, 554, 555, 556, 557, 558, 559, 560, 563, 564, 565, 566, 568, 570, 571, 572, 573, 575, 578, 579, 580, 581, 582, 583, 584, 587, 588, 589, 591, 593, 594, 624, 680, 681, 683, 684, 687, 688, 689, 697, 699, 700, 730, 731, 732, 733, 737, 738, 740, 741, 745, 747, 748, 749, 750], "excluded_lines": [], "start_line": 1}}}, "app/api/routers/resume.py": {"executed_lines": [9, 10, 11, 12, 13, 14, 15, 16, 18, 19, 20, 32, 33, 35, 36, 37, 38, 39, 40, 41, 42, 45, 48, 51, 54, 75, 78, 79, 80, 81, 86, 89, 93, 96, 99, 104, 107, 108, 109, 112, 116, 117, 118, 119, 120, 121, 124, 127, 130, 133, 136, 139, 142, 143, 144, 147, 150, 151, 152, 153, 156, 159, 160, 163, 166, 171, 174, 175, 176, 179, 180, 181, 182, 187, 190, 203, 209, 407, 413, 509, 515, 608, 614, 658, 664, 713, 718, 778, 784, 791, 797, 846, 852, 900, 906, 981, 987, 988, 1021, 1027, 1175, 1181, 1246, 1252, 1289, 1295, 1333, 1339, 1340, 1731, 1737, 1738, 1877, 1882, 2059, 2064, 2088, 2094, 2147, 2153, 2206, 2212, 2266, 2273], "summary": {"covered_lines": 124, "num_statements": 723, "percent_covered": 17.15076071922545, "percent_covered_display": "17", "missing_lines": 599, "excluded_lines": 0, "percent_statements_covered": 17.15076071922545, "percent_statements_covered_display": "17"}, "missing_lines": [66, 67, 68, 69, 200, 238, 239, 245, 248, 258, 259, 267, 273, 274, 278, 282, 285, 286, 295, 301, 305, 306, 312, 315, 316, 318, 320, 328, 329, 330, 340, 343, 348, 350, 364, 368, 369, 370, 378, 382, 390, 391, 393, 394, 396, 401, 438, 440, 441, 443, 444, 450, 451, 452, 457, 460, 462, 465, 466, 468, 469, 472, 475, 480, 483, 491, 492, 493, 498, 500, 501, 502, 503, 541, 543, 544, 546, 547, 553, 556, 558, 561, 562, 564, 565, 568, 571, 576, 579, 590, 591, 592, 597, 599, 600, 601, 602, 634, 636, 637, 649, 651, 652, 686, 688, 689, 690, 694, 704, 705, 706, 707, 741, 743, 744, 745, 751, 752, 753, 759, 760, 766, 769, 771, 788, 819, 821, 822, 823, 828, 829, 830, 835, 837, 838, 839, 840, 871, 872, 889, 893, 894, 924, 926, 929, 930, 931, 937, 938, 939, 941, 942, 948, 953, 955, 958, 965, 971, 972, 973, 974, 975, 1009, 1011, 1012, 1013, 1017, 1018, 1059, 1060, 1062, 1063, 1066, 1067, 1068, 1069, 1070, 1071, 1072, 1073, 1074, 1075, 1076, 1077, 1078, 1079, 1080, 1081, 1082, 1084, 1085, 1086, 1087, 1089, 1105, 1106, 1113, 1114, 1127, 1128, 1129, 1130, 1131, 1132, 1133, 1134, 1138, 1140, 1142, 1143, 1144, 1145, 1147, 1148, 1149, 1150, 1153, 1154, 1156, 1157, 1163, 1164, 1167, 1168, 1172, 1201, 1203, 1204, 1206, 1207, 1213, 1222, 1223, 1224, 1225, 1227, 1229, 1230, 1235, 1237, 1238, 1239, 1240, 1274, 1275, 1276, 1280, 1281, 1282, 1286, 1316, 1318, 1319, 1320, 1324, 1325, 1326, 1330, 1367, 1369, 1372, 1373, 1374, 1375, 1376, 1380, 1383, 1385, 1386, 1390, 1391, 1393, 1398, 1403, 1404, 1405, 1406, 1407, 1408, 1409, 1411, 1417, 1418, 1423, 1424, 1426, 1427, 1432, 1437, 1443, 1444, 1445, 1446, 1447, 1458, 1459, 1460, 1463, 1464, 1467, 1470, 1472, 1473, 1474, 1479, 1480, 1481, 1482, 1483, 1484, 1485, 1486, 1487, 1488, 1490, 1492, 1495, 1497, 1499, 1500, 1503, 1504, 1507, 1508, 1510, 1513, 1520, 1521, 1522, 1524, 1525, 1526, 1529, 1530, 1531, 1534, 1537, 1538, 1541, 1546, 1547, 1550, 1553, 1558, 1559, 1561, 1562, 1563, 1564, 1565, 1566, 1567, 1570, 1572, 1573, 1574, 1576, 1578, 1579, 1582, 1585, 1595, 1598, 1599, 1600, 1605, 1606, 1608, 1609, 1610, 1611, 1612, 1613, 1614, 1617, 1618, 1619, 1622, 1623, 1624, 1625, 1626, 1627, 1628, 1629, 1632, 1633, 1634, 1635, 1638, 1641, 1646, 1647, 1649, 1651, 1652, 1653, 1654, 1655, 1656, 1659, 1660, 1661, 1667, 1668, 1669, 1679, 1680, 1681, 1682, 1683, 1689, 1692, 1703, 1705, 1706, 1708, 1709, 1712, 1713, 1714, 1718, 1719, 1720, 1725, 1764, 1766, 1769, 1770, 1771, 1772, 1773, 1779, 1780, 1781, 1783, 1784, 1785, 1786, 1787, 1790, 1791, 1794, 1795, 1797, 1798, 1803, 1804, 1806, 1809, 1810, 1811, 1817, 1820, 1821, 1822, 1825, 1826, 1828, 1829, 1830, 1835, 1838, 1840, 1841, 1842, 1844, 1855, 1856, 1857, 1860, 1861, 1865, 1866, 1871, 1910, 1912, 1913, 1914, 1918, 1919, 1923, 1925, 1926, 1928, 1929, 1930, 1933, 1936, 1937, 1940, 1941, 1944, 1946, 1947, 1948, 1949, 1954, 1955, 1956, 1960, 1961, 1962, 1967, 1973, 1974, 1976, 1979, 1981, 1982, 1988, 1991, 1994, 1995, 1996, 1997, 1998, 1999, 2000, 2002, 2003, 2004, 2005, 2007, 2008, 2009, 2010, 2013, 2014, 2015, 2016, 2018, 2020, 2021, 2022, 2023, 2025, 2028, 2029, 2030, 2031, 2032, 2033, 2034, 2037, 2038, 2039, 2041, 2043, 2044, 2050, 2051, 2052, 2053, 2082, 2114, 2115, 2116, 2117, 2123, 2125, 2126, 2127, 2132, 2138, 2139, 2140, 2141, 2173, 2174, 2175, 2176, 2182, 2184, 2185, 2186, 2191, 2197, 2198, 2199, 2200, 2232, 2233, 2234, 2235, 2241, 2248, 2249, 2250, 2255, 2257, 2258, 2259, 2260, 2292, 2301, 2305, 2309, 2311], "excluded_lines": [], "functions": {"validate_object_id": {"executed_lines": [], "summary": {"covered_lines": 0, "num_statements": 4, "percent_covered": 0.0, "percent_covered_display": "0", "missing_lines": 4, "excluded_lines": 0, "percent_statements_covered": 0.0, "percent_statements_covered_display": "0"}, "missing_lines": [66, 67, 68, 69], "excluded_lines": [], "start_line": 54}, "get_resume_repository": {"executed_lines": [], "summary": {"covered_lines": 0, "num_statements": 1, "percent_covered": 0.0, "percent_covered_display": "0", "missing_lines": 1, "excluded_lines": 0, "percent_statements_covered": 0.0, "percent_statements_covered_display": "0"}, "missing_lines": [200], "excluded_lines": [], "start_line": 190}, "create_resume": {"executed_lines": [], "summary": {"covered_lines": 0, "num_statements": 41, "percent_covered": 0.0, "percent_covered_display": "0", "missing_lines": 41, "excluded_lines": 0, "percent_statements_covered": 0.0, "percent_statements_covered_display": "0"}, "missing_lines": [238, 239, 245, 248, 258, 259, 267, 273, 274, 278, 282, 285, 286, 295, 301, 305, 306, 312, 315, 316, 318, 320, 328, 329, 330, 340, 343, 348, 350, 364, 368, 369, 370, 378, 382, 390, 391, 393, 394, 396, 401], "excluded_lines": [], "start_line": 209}, "replace_master_cv": {"executed_lines": [], "summary": {"covered_lines": 0, "num_statements": 27, "percent_covered": 0.0, "percent_covered_display": "0", "missing_lines": 27, "excluded_lines": 0, "percent_statements_covered": 0.0, "percent_statements_covered_display": "0"}, "missing_lines": [438, 440, 441, 443, 444, 450, 451, 452, 457, 460, 462, 465, 466, 468, 469, 472, 475, 480, 483, 491, 492, 493, 498, 500, 501, 502, 503], "excluded_lines": [], "start_line": 413}, "upload_master_cv": {"executed_lines": [], "summary": {"covered_lines": 0, "num_statements": 24, "percent_covered": 0.0, "percent_covered_display": "0", "missing_lines": 24, "excluded_lines": 0, "percent_statements_covered": 0.0, "percent_statements_covered_display": "0"}, "missing_lines": [541, 543, 544, 546, 547, 553, 556, 558, 561, 562, 564, 565, 568, 571, 576, 579, 590, 591, 592, 597, 599, 600, 601, 602], "excluded_lines": [], "start_line": 515}, "get_master_cvs": {"executed_lines": [], "summary": {"covered_lines": 0, "num_statements": 6, "percent_covered": 0.0, "percent_covered_display": "0", "missing_lines": 6, "excluded_lines": 0, "percent_statements_covered": 0.0, "percent_statements_covered_display": "0"}, "missing_lines": [634, 636, 637, 649, 651, 652], "excluded_lines": [], "start_line": 614}, "get_master_cv_by_id": {"executed_lines": [], "summary": {"covered_lines": 0, "num_statements": 9, "percent_covered": 0.0, "percent_covered_display": "0", "missing_lines": 9, "excluded_lines": 0, "percent_statements_covered": 0.0, "percent_statements_covered_display": "0"}, "missing_lines": [686, 688, 689, 690, 694, 704, 705, 706, 707], "excluded_lines": [], "start_line": 664}, "download_original_resume": {"executed_lines": [], "summary": {"covered_lines": 0, "num_statements": 12, "percent_covered": 0.0, "percent_covered_display": "0", "missing_lines": 12, "excluded_lines": 0, "percent_statements_covered": 0.0, "percent_statements_covered_display": "0"}, "missing_lines": [741, 743, 744, 745, 751, 752, 753, 759, 760, 766, 769, 771], "excluded_lines": [], "start_line": 718}, "test_master_cv_endpoint": {"executed_lines": [], "summary": {"covered_lines": 0, "num_statements": 1, "percent_covered": 0.0, "percent_covered_display": "0", "missing_lines": 1, "excluded_lines": 0, "percent_statements_covered": 0.0, "percent_statements_covered_display": "0"}, "missing_lines": [788], "excluded_lines": [], "start_line": 784}, "delete_master_cv": {"executed_lines": [], "summary": {"covered_lines": 0, "num_statements": 12, "percent_covered": 0.0, "percent_covered_display": "0", "missing_lines": 12, "excluded_lines": 0, "percent_statements_covered": 0.0, "percent_statements_covered_display": "0"}, "missing_lines": [819, 821, 822, 823, 828, 829, 830, 835, 837, 838, 839, 840], "excluded_lines": [], "start_line": 797}, "get_templates": {"executed_lines": [], "summary": {"covered_lines": 0, "num_statements": 5, "percent_covered": 0.0, "percent_covered_display": "0", "missing_lines": 5, "excluded_lines": 0, "percent_statements_covered": 0.0, "percent_statements_covered_display": "0"}, "missing_lines": [871, 872, 889, 893, 894], "excluded_lines": [], "start_line": 852}, "generate_cover_letter": {"executed_lines": [], "summary": {"covered_lines": 0, "num_statements": 20, "percent_covered": 0.0, "percent_covered_display": "0", "missing_lines": 20, "excluded_lines": 0, "percent_statements_covered": 0.0, "percent_statements_covered_display": "0"}, "missing_lines": [924, 926, 929, 930, 931, 937, 938, 939, 941, 942, 948, 953, 955, 958, 965, 971, 972, 973, 974, 975], "excluded_lines": [], "start_line": 906}, "get_resume": {"executed_lines": [], "summary": {"covered_lines": 0, "num_statements": 6, "percent_covered": 0.0, "percent_covered_display": "0", "missing_lines": 6, "excluded_lines": 0, "percent_statements_covered": 0.0, "percent_statements_covered_display": "0"}, "missing_lines": [1009, 1011, 1012, 1013, 1017, 1018], "excluded_lines": [], "start_line": 988}, "get_user_resumes": {"executed_lines": [], "summary": {"covered_lines": 0, "num_statements": 57, "percent_covered": 0.0, "percent_covered_display": "0", "missing_lines": 57, "excluded_lines": 0, "percent_statements_covered": 0.0, "percent_statements_covered_display": "0"}, "missing_lines": [1059, 1060, 1062, 1063, 1066, 1067, 1068, 1069, 1070, 1071, 1072, 1073, 1074, 1075, 1076, 1077, 1078, 1079, 1080, 1081, 1082, 1084, 1085, 1086, 1087, 1089, 1105, 1106, 1113, 1114, 1127, 1128, 1129, 1130, 1131, 1132, 1133, 1134, 1138, 1140, 1142, 1143, 1144, 1145, 1147, 1148, 1149, 1150, 1153, 1154, 1156, 1157, 1163, 1164, 1167, 1168, 1172], "excluded_lines": [], "start_line": 1027}, "update_resume_status": {"executed_lines": [], "summary": {"covered_lines": 0, "num_statements": 18, "percent_covered": 0.0, "percent_covered_display": "0", "missing_lines": 18, "excluded_lines": 0, "percent_statements_covered": 0.0, "percent_statements_covered_display": "0"}, "missing_lines": [1201, 1203, 1204, 1206, 1207, 1213, 1222, 1223, 1224, 1225, 1227, 1229, 1230, 1235, 1237, 1238, 1239, 1240], "excluded_lines": [], "start_line": 1181}, "update_resume": {"executed_lines": [], "summary": {"covered_lines": 0, "num_statements": 7, "percent_covered": 0.0, "percent_covered_display": "0", "missing_lines": 7, "excluded_lines": 0, "percent_statements_covered": 0.0, "percent_statements_covered_display": "0"}, "missing_lines": [1274, 1275, 1276, 1280, 1281, 1282, 1286], "excluded_lines": [], "start_line": 1252}, "delete_resume": {"executed_lines": [], "summary": {"covered_lines": 0, "num_statements": 8, "percent_covered": 0.0, "percent_covered_display": "0", "missing_lines": 8, "excluded_lines": 0, "percent_statements_covered": 0.0, "percent_statements_covered_display": "0"}, "missing_lines": [1316, 1318, 1319, 1320, 1324, 1325, 1326, 1330], "excluded_lines": [], "start_line": 1295}, "optimize_resume": {"executed_lines": [], "summary": {"covered_lines": 0, "num_statements": 113, "percent_covered": 0.0, "percent_covered_display": "0", "missing_lines": 113, "excluded_lines": 0, "percent_statements_covered": 0.0, "percent_statements_covered_display": "0"}, "missing_lines": [1367, 1369, 1372, 1373, 1374, 1375, 1376, 1380, 1383, 1385, 1386, 1390, 1391, 1393, 1398, 1403, 1404, 1405, 1406, 1407, 1408, 1409, 1411, 1417, 1418, 1423, 1424, 1426, 1443, 1458, 1459, 1460, 1463, 1464, 1467, 1470, 1472, 1473, 1474, 1479, 1480, 1481, 1482, 1483, 1484, 1485, 1486, 1487, 1488, 1490, 1492, 1495, 1497, 1499, 1500, 1503, 1504, 1507, 1508, 1510, 1513, 1520, 1521, 1522, 1524, 1525, 1526, 1529, 1530, 1531, 1534, 1537, 1538, 1541, 1546, 1547, 1550, 1553, 1558, 1559, 1561, 1576, 1651, 1652, 1653, 1654, 1655, 1656, 1659, 1660, 1661, 1667, 1668, 1669, 1679, 1680, 1681, 1682, 1683, 1689, 1692, 1703, 1705, 1706, 1708, 1709, 1712, 1713, 1714, 1718, 1719, 1720, 1725], "excluded_lines": [], "start_line": 1340}, "optimize_resume._get_local_llm_config": {"executed_lines": [], "summary": {"covered_lines": 0, "num_statements": 3, "percent_covered": 0.0, "percent_covered_display": "0", "missing_lines": 3, "excluded_lines": 0, "percent_statements_covered": 0.0, "percent_statements_covered_display": "0"}, "missing_lines": [1427, 1432, 1437], "excluded_lines": [], "start_line": 1426}, "optimize_resume._should_fallback_to_local": {"executed_lines": [], "summary": {"covered_lines": 0, "num_statements": 4, "percent_covered": 0.0, "percent_covered_display": "0", "missing_lines": 4, "excluded_lines": 0, "percent_statements_covered": 0.0, "percent_statements_covered_display": "0"}, "missing_lines": [1444, 1445, 1446, 1447], "excluded_lines": [], "start_line": 1443}, "optimize_resume.clean_markdown_formatting": {"executed_lines": [], "summary": {"covered_lines": 0, "num_statements": 10, "percent_covered": 0.0, "percent_covered_display": "0", "missing_lines": 10, "excluded_lines": 0, "percent_statements_covered": 0.0, "percent_statements_covered_display": "0"}, "missing_lines": [1562, 1563, 1564, 1565, 1566, 1567, 1570, 1572, 1573, 1574], "excluded_lines": [], "start_line": 1561}, "optimize_resume.sanitize_for_pydantic": {"executed_lines": [], "summary": {"covered_lines": 0, "num_statements": 37, "percent_covered": 0.0, "percent_covered_display": "0", "missing_lines": 37, "excluded_lines": 0, "percent_statements_covered": 0.0, "percent_statements_covered_display": "0"}, "missing_lines": [1578, 1579, 1582, 1585, 1595, 1598, 1599, 1600, 1605, 1606, 1608, 1609, 1610, 1611, 1612, 1613, 1614, 1617, 1618, 1619, 1622, 1623, 1624, 1625, 1626, 1627, 1628, 1629, 1632, 1633, 1634, 1635, 1638, 1641, 1646, 1647, 1649], "excluded_lines": [], "start_line": 1576}, "score_resume": {"executed_lines": [], "summary": {"covered_lines": 0, "num_statements": 50, "percent_covered": 0.0, "percent_covered_display": "0", "missing_lines": 50, "excluded_lines": 0, "percent_statements_covered": 0.0, "percent_statements_covered_display": "0"}, "missing_lines": [1764, 1766, 1769, 1770, 1771, 1772, 1773, 1779, 1780, 1781, 1783, 1784, 1785, 1786, 1787, 1790, 1791, 1794, 1795, 1797, 1798, 1803, 1804, 1806, 1809, 1810, 1811, 1817, 1820, 1821, 1822, 1825, 1826, 1828, 1829, 1830, 1835, 1838, 1840, 1841, 1842, 1844, 1855, 1856, 1857, 1860, 1861, 1865, 1866, 1871], "excluded_lines": [], "start_line": 1738}, "download_resume": {"executed_lines": [], "summary": {"covered_lines": 0, "num_statements": 79, "percent_covered": 0.0, "percent_covered_display": "0", "missing_lines": 79, "excluded_lines": 0, "percent_statements_covered": 0.0, "percent_statements_covered_display": "0"}, "missing_lines": [1910, 1912, 1913, 1914, 1918, 1919, 1923, 1925, 1926, 1928, 1929, 1930, 1933, 1936, 1937, 1940, 1941, 1944, 1946, 1947, 1948, 1949, 1954, 1955, 1956, 1960, 1961, 1962, 1967, 1973, 1974, 1976, 1979, 1981, 1982, 1988, 1991, 1994, 1995, 1996, 1997, 1998, 1999, 2000, 2002, 2003, 2004, 2005, 2007, 2008, 2009, 2010, 2013, 2014, 2015, 2016, 2018, 2020, 2021, 2022, 2023, 2025, 2028, 2029, 2030, 2031, 2032, 2033, 2034, 2037, 2038, 2039, 2041, 2043, 2044, 2050, 2051, 2052, 2053], "excluded_lines": [], "start_line": 1882}, "preview_resume": {"executed_lines": [], "summary": {"covered_lines": 0, "num_statements": 1, "percent_covered": 0.0, "percent_covered_display": "0", "missing_lines": 1, "excluded_lines": 0, "percent_statements_covered": 0.0, "percent_statements_covered_display": "0"}, "missing_lines": [2082], "excluded_lines": [], "start_line": 2064}, "mark_resume_as_applied": {"executed_lines": [], "summary": {"covered_lines": 0, "num_statements": 13, "percent_covered": 0.0, "percent_covered_display": "0", "missing_lines": 13, "excluded_lines": 0, "percent_statements_covered": 0.0, "percent_statements_covered_display": "0"}, "missing_lines": [2114, 2115, 2116, 2117, 2123, 2125, 2126, 2127, 2132, 2138, 2139, 2140, 2141], "excluded_lines": [], "start_line": 2094}, "mark_resume_as_answered": {"executed_lines": [], "summary": {"covered_lines": 0, "num_statements": 13, "percent_covered": 0.0, "percent_covered_display": "0", "missing_lines": 13, "excluded_lines": 0, "percent_statements_covered": 0.0, "percent_statements_covered_display": "0"}, "missing_lines": [2173, 2174, 2175, 2176, 2182, 2184, 2185, 2186, 2191, 2197, 2198, 2199, 2200], "excluded_lines": [], "start_line": 2153}, "reset_resume_status": {"executed_lines": [], "summary": {"covered_lines": 0, "num_statements": 13, "percent_covered": 0.0, "percent_covered_display": "0", "missing_lines": 13, "excluded_lines": 0, "percent_statements_covered": 0.0, "percent_statements_covered_display": "0"}, "missing_lines": [2232, 2233, 2234, 2235, 2241, 2248, 2249, 2250, 2255, 2257, 2258, 2259, 2260], "excluded_lines": [], "start_line": 2212}, "submit_contact_form": {"executed_lines": [], "summary": {"covered_lines": 0, "num_statements": 5, "percent_covered": 0.0, "percent_covered_display": "0", "missing_lines": 5, "excluded_lines": 0, "percent_statements_covered": 0.0, "percent_statements_covered_display": "0"}, "missing_lines": [2292, 2301, 2305, 2309, 2311], "excluded_lines": [], "start_line": 2273}, "": {"executed_lines": [9, 10, 11, 12, 13, 14, 15, 16, 18, 19, 20, 32, 33, 35, 36, 37, 38, 39, 40, 41, 42, 45, 48, 51, 54, 75, 78, 79, 80, 81, 86, 89, 93, 96, 99, 104, 107, 108, 109, 112, 116, 117, 118, 119, 120, 121, 124, 127, 130, 133, 136, 139, 142, 143, 144, 147, 150, 151, 152, 153, 156, 159, 160, 163, 166, 171, 174, 175, 176, 179, 180, 181, 182, 187, 190, 203, 209, 407, 413, 509, 515, 608, 614, 658, 664, 713, 718, 778, 784, 791, 797, 846, 852, 900, 906, 981, 987, 988, 1021, 1027, 1175, 1181, 1246, 1252, 1289, 1295, 1333, 1339, 1340, 1731, 1737, 1738, 1877, 1882, 2059, 2064, 2088, 2094, 2147, 2153, 2206, 2212, 2266, 2273], "summary": {"covered_lines": 124, "num_statements": 124, "percent_covered": 100.0, "percent_covered_display": "100", "missing_lines": 0, "excluded_lines": 0, "percent_statements_covered": 100.0, "percent_statements_covered_display": "100"}, "missing_lines": [], "excluded_lines": [], "start_line": 1}}, "classes": {"CreateResumeRequest": {"executed_lines": [], "summary": {"covered_lines": 0, "num_statements": 0, "percent_covered": 100.0, "percent_covered_display": "100", "missing_lines": 0, "excluded_lines": 0, "percent_statements_covered": 100.0, "percent_statements_covered_display": "100"}, "missing_lines": [], "excluded_lines": [], "start_line": 75}, "OptimizeResumeRequest": {"executed_lines": [], "summary": {"covered_lines": 0, "num_statements": 0, "percent_covered": 100.0, "percent_covered_display": "100", "missing_lines": 0, "excluded_lines": 0, "percent_statements_covered": 100.0, "percent_statements_covered_display": "100"}, "missing_lines": [], "excluded_lines": [], "start_line": 86}, "ResumeSummary": {"executed_lines": [], "summary": {"covered_lines": 0, "num_statements": 0, "percent_covered": 100.0, "percent_covered_display": "100", "missing_lines": 0, "excluded_lines": 0, "percent_statements_covered": 100.0, "percent_statements_covered_display": "100"}, "missing_lines": [], "excluded_lines": [], "start_line": 104}, "OptimizationResponse": {"executed_lines": [], "summary": {"covered_lines": 0, "num_statements": 0, "percent_covered": 100.0, "percent_covered_display": "100", "missing_lines": 0, "excluded_lines": 0, "percent_statements_covered": 100.0, "percent_statements_covered_display": "100"}, "missing_lines": [], "excluded_lines": [], "start_line": 124}, "ContactFormRequest": {"executed_lines": [], "summary": {"covered_lines": 0, "num_statements": 0, "percent_covered": 100.0, "percent_covered_display": "100", "missing_lines": 0, "excluded_lines": 0, "percent_statements_covered": 100.0, "percent_statements_covered_display": "100"}, "missing_lines": [], "excluded_lines": [], "start_line": 147}, "ContactFormResponse": {"executed_lines": [], "summary": {"covered_lines": 0, "num_statements": 0, "percent_covered": 100.0, "percent_covered_display": "100", "missing_lines": 0, "excluded_lines": 0, "percent_statements_covered": 100.0, "percent_statements_covered_display": "100"}, "missing_lines": [], "excluded_lines": [], "start_line": 156}, "ScoreResumeRequest": {"executed_lines": [], "summary": {"covered_lines": 0, "num_statements": 0, "percent_covered": 100.0, "percent_covered_display": "100", "missing_lines": 0, "excluded_lines": 0, "percent_statements_covered": 100.0, "percent_statements_covered_display": "100"}, "missing_lines": [], "excluded_lines": [], "start_line": 163}, "ResumeScoreResponse": {"executed_lines": [], "summary": {"covered_lines": 0, "num_statements": 0, "percent_covered": 100.0, "percent_covered_display": "100", "missing_lines": 0, "excluded_lines": 0, "percent_statements_covered": 100.0, "percent_statements_covered_display": "100"}, "missing_lines": [], "excluded_lines": [], "start_line": 171}, "": {"executed_lines": [9, 10, 11, 12, 13, 14, 15, 16, 18, 19, 20, 32, 33, 35, 36, 37, 38, 39, 40, 41, 42, 45, 48, 51, 54, 75, 78, 79, 80, 81, 86, 89, 93, 96, 99, 104, 107, 108, 109, 112, 116, 117, 118, 119, 120, 121, 124, 127, 130, 133, 136, 139, 142, 143, 144, 147, 150, 151, 152, 153, 156, 159, 160, 163, 166, 171, 174, 175, 176, 179, 180, 181, 182, 187, 190, 203, 209, 407, 413, 509, 515, 608, 614, 658, 664, 713, 718, 778, 784, 791, 797, 846, 852, 900, 906, 981, 987, 988, 1021, 1027, 1175, 1181, 1246, 1252, 1289, 1295, 1333, 1339, 1340, 1731, 1737, 1738, 1877, 1882, 2059, 2064, 2088, 2094, 2147, 2153, 2206, 2212, 2266, 2273], "summary": {"covered_lines": 124, "num_statements": 723, "percent_covered": 17.15076071922545, "percent_covered_display": "17", "missing_lines": 599, "excluded_lines": 0, "percent_statements_covered": 17.15076071922545, "percent_statements_covered_display": "17"}, "missing_lines": [66, 67, 68, 69, 200, 238, 239, 245, 248, 258, 259, 267, 273, 274, 278, 282, 285, 286, 295, 301, 305, 306, 312, 315, 316, 318, 320, 328, 329, 330, 340, 343, 348, 350, 364, 368, 369, 370, 378, 382, 390, 391, 393, 394, 396, 401, 438, 440, 441, 443, 444, 450, 451, 452, 457, 460, 462, 465, 466, 468, 469, 472, 475, 480, 483, 491, 492, 493, 498, 500, 501, 502, 503, 541, 543, 544, 546, 547, 553, 556, 558, 561, 562, 564, 565, 568, 571, 576, 579, 590, 591, 592, 597, 599, 600, 601, 602, 634, 636, 637, 649, 651, 652, 686, 688, 689, 690, 694, 704, 705, 706, 707, 741, 743, 744, 745, 751, 752, 753, 759, 760, 766, 769, 771, 788, 819, 821, 822, 823, 828, 829, 830, 835, 837, 838, 839, 840, 871, 872, 889, 893, 894, 924, 926, 929, 930, 931, 937, 938, 939, 941, 942, 948, 953, 955, 958, 965, 971, 972, 973, 974, 975, 1009, 1011, 1012, 1013, 1017, 1018, 1059, 1060, 1062, 1063, 1066, 1067, 1068, 1069, 1070, 1071, 1072, 1073, 1074, 1075, 1076, 1077, 1078, 1079, 1080, 1081, 1082, 1084, 1085, 1086, 1087, 1089, 1105, 1106, 1113, 1114, 1127, 1128, 1129, 1130, 1131, 1132, 1133, 1134, 1138, 1140, 1142, 1143, 1144, 1145, 1147, 1148, 1149, 1150, 1153, 1154, 1156, 1157, 1163, 1164, 1167, 1168, 1172, 1201, 1203, 1204, 1206, 1207, 1213, 1222, 1223, 1224, 1225, 1227, 1229, 1230, 1235, 1237, 1238, 1239, 1240, 1274, 1275, 1276, 1280, 1281, 1282, 1286, 1316, 1318, 1319, 1320, 1324, 1325, 1326, 1330, 1367, 1369, 1372, 1373, 1374, 1375, 1376, 1380, 1383, 1385, 1386, 1390, 1391, 1393, 1398, 1403, 1404, 1405, 1406, 1407, 1408, 1409, 1411, 1417, 1418, 1423, 1424, 1426, 1427, 1432, 1437, 1443, 1444, 1445, 1446, 1447, 1458, 1459, 1460, 1463, 1464, 1467, 1470, 1472, 1473, 1474, 1479, 1480, 1481, 1482, 1483, 1484, 1485, 1486, 1487, 1488, 1490, 1492, 1495, 1497, 1499, 1500, 1503, 1504, 1507, 1508, 1510, 1513, 1520, 1521, 1522, 1524, 1525, 1526, 1529, 1530, 1531, 1534, 1537, 1538, 1541, 1546, 1547, 1550, 1553, 1558, 1559, 1561, 1562, 1563, 1564, 1565, 1566, 1567, 1570, 1572, 1573, 1574, 1576, 1578, 1579, 1582, 1585, 1595, 1598, 1599, 1600, 1605, 1606, 1608, 1609, 1610, 1611, 1612, 1613, 1614, 1617, 1618, 1619, 1622, 1623, 1624, 1625, 1626, 1627, 1628, 1629, 1632, 1633, 1634, 1635, 1638, 1641, 1646, 1647, 1649, 1651, 1652, 1653, 1654, 1655, 1656, 1659, 1660, 1661, 1667, 1668, 1669, 1679, 1680, 1681, 1682, 1683, 1689, 1692, 1703, 1705, 1706, 1708, 1709, 1712, 1713, 1714, 1718, 1719, 1720, 1725, 1764, 1766, 1769, 1770, 1771, 1772, 1773, 1779, 1780, 1781, 1783, 1784, 1785, 1786, 1787, 1790, 1791, 1794, 1795, 1797, 1798, 1803, 1804, 1806, 1809, 1810, 1811, 1817, 1820, 1821, 1822, 1825, 1826, 1828, 1829, 1830, 1835, 1838, 1840, 1841, 1842, 1844, 1855, 1856, 1857, 1860, 1861, 1865, 1866, 1871, 1910, 1912, 1913, 1914, 1918, 1919, 1923, 1925, 1926, 1928, 1929, 1930, 1933, 1936, 1937, 1940, 1941, 1944, 1946, 1947, 1948, 1949, 1954, 1955, 1956, 1960, 1961, 1962, 1967, 1973, 1974, 1976, 1979, 1981, 1982, 1988, 1991, 1994, 1995, 1996, 1997, 1998, 1999, 2000, 2002, 2003, 2004, 2005, 2007, 2008, 2009, 2010, 2013, 2014, 2015, 2016, 2018, 2020, 2021, 2022, 2023, 2025, 2028, 2029, 2030, 2031, 2032, 2033, 2034, 2037, 2038, 2039, 2041, 2043, 2044, 2050, 2051, 2052, 2053, 2082, 2114, 2115, 2116, 2117, 2123, 2125, 2126, 2127, 2132, 2138, 2139, 2140, 2141, 2173, 2174, 2175, 2176, 2182, 2184, 2185, 2186, 2191, 2197, 2198, 2199, 2200, 2232, 2233, 2234, 2235, 2241, 2248, 2249, 2250, 2255, 2257, 2258, 2259, 2260, 2292, 2301, 2305, 2309, 2311], "excluded_lines": [], "start_line": 1}}}, "app/api/routers/resume/__init__.py": {"executed_lines": [9, 17, 26, 31, 32, 37], "summary": {"covered_lines": 6, "num_statements": 6, "percent_covered": 100.0, "percent_covered_display": "100", "missing_lines": 0, "excluded_lines": 0, "percent_statements_covered": 100.0, "percent_statements_covered_display": "100"}, "missing_lines": [], "excluded_lines": [], "functions": {"": {"executed_lines": [9, 17, 26, 31, 32, 37], "summary": {"covered_lines": 6, "num_statements": 6, "percent_covered": 100.0, "percent_covered_display": "100", "missing_lines": 0, "excluded_lines": 0, "percent_statements_covered": 100.0, "percent_statements_covered_display": "100"}, "missing_lines": [], "excluded_lines": [], "start_line": 1}}, "classes": {"": {"executed_lines": [9, 17, 26, 31, 32, 37], "summary": {"covered_lines": 6, "num_statements": 6, "percent_covered": 100.0, "percent_covered_display": "100", "missing_lines": 0, "excluded_lines": 0, "percent_statements_covered": 100.0, "percent_statements_covered_display": "100"}, "missing_lines": [], "excluded_lines": [], "start_line": 1}}}, "app/api/routers/resume/crud.py": {"executed_lines": [7, 8, 9, 11, 12, 13, 21, 23, 24, 26, 29, 37, 40, 41, 42, 43, 48, 51, 52, 53, 56, 59, 60, 61, 62, 63, 66, 67, 68, 69, 70, 71, 72, 80, 100, 121, 135, 193, 245, 267, 268, 271, 276, 277, 295, 296, 306, 381, 448, 455, 463, 470, 477, 484, 491], "summary": {"covered_lines": 55, "num_statements": 133, "percent_covered": 41.35338345864662, "percent_covered_display": "41", "missing_lines": 78, "excluded_lines": 0, "percent_statements_covered": 41.35338345864662, "percent_statements_covered_display": "41"}, "missing_lines": [92, 93, 94, 95, 112, 113, 114, 115, 127, 153, 154, 157, 168, 170, 173, 174, 185, 186, 187, 209, 211, 214, 215, 216, 220, 235, 236, 237, 238, 239, 278, 298, 299, 300, 324, 326, 329, 330, 331, 336, 338, 339, 340, 341, 342, 343, 346, 348, 349, 354, 356, 371, 372, 373, 374, 375, 397, 399, 402, 403, 404, 409, 411, 412, 418, 419, 420, 422, 423, 424, 425, 429, 431, 433, 434, 435, 436, 437], "excluded_lines": [], "functions": {"validate_object_id": {"executed_lines": [], "summary": {"covered_lines": 0, "num_statements": 4, "percent_covered": 0.0, "percent_covered_display": "0", "missing_lines": 4, "excluded_lines": 0, "percent_statements_covered": 0.0, "percent_statements_covered_display": "0"}, "missing_lines": [92, 93, 94, 95], "excluded_lines": [], "start_line": 80}, "get_resume_repository": {"executed_lines": [], "summary": {"covered_lines": 0, "num_statements": 4, "percent_covered": 0.0, "percent_covered_display": "0", "missing_lines": 4, "excluded_lines": 0, "percent_statements_covered": 0.0, "percent_statements_covered_display": "0"}, "missing_lines": [112, 113, 114, 115], "excluded_lines": [], "start_line": 100}, "get_file_validator": {"executed_lines": [], "summary": {"covered_lines": 0, "num_statements": 1, "percent_covered": 0.0, "percent_covered_display": "0", "missing_lines": 1, "excluded_lines": 0, "percent_statements_covered": 0.0, "percent_statements_covered_display": "0"}, "missing_lines": [127], "excluded_lines": [], "start_line": 121}, "create_resume": {"executed_lines": [], "summary": {"covered_lines": 0, "num_statements": 10, "percent_covered": 0.0, "percent_covered_display": "0", "missing_lines": 10, "excluded_lines": 0, "percent_statements_covered": 0.0, "percent_statements_covered_display": "0"}, "missing_lines": [153, 154, 157, 168, 170, 173, 174, 185, 186, 187], "excluded_lines": [], "start_line": 135}, "get_resume": {"executed_lines": [], "summary": {"covered_lines": 0, "num_statements": 11, "percent_covered": 0.0, "percent_covered_display": "0", "missing_lines": 11, "excluded_lines": 0, "percent_statements_covered": 0.0, "percent_statements_covered_display": "0"}, "missing_lines": [209, 211, 214, 215, 216, 220, 235, 236, 237, 238, 239], "excluded_lines": [], "start_line": 193}, "get_user_resumes": {"executed_lines": [267, 268, 271, 276, 277, 295, 296], "summary": {"covered_lines": 7, "num_statements": 11, "percent_covered": 63.63636363636363, "percent_covered_display": "64", "missing_lines": 4, "excluded_lines": 0, "percent_statements_covered": 63.63636363636363, "percent_statements_covered_display": "64"}, "missing_lines": [278, 298, 299, 300], "excluded_lines": [], "start_line": 245}, "update_resume": {"executed_lines": [], "summary": {"covered_lines": 0, "num_statements": 22, "percent_covered": 0.0, "percent_covered_display": "0", "missing_lines": 22, "excluded_lines": 0, "percent_statements_covered": 0.0, "percent_statements_covered_display": "0"}, "missing_lines": [324, 326, 329, 330, 331, 336, 338, 339, 340, 341, 342, 343, 346, 348, 349, 354, 356, 371, 372, 373, 374, 375], "excluded_lines": [], "start_line": 306}, "delete_resume": {"executed_lines": [], "summary": {"covered_lines": 0, "num_statements": 22, "percent_covered": 0.0, "percent_covered_display": "0", "missing_lines": 22, "excluded_lines": 0, "percent_statements_covered": 0.0, "percent_statements_covered_display": "0"}, "missing_lines": [397, 399, 402, 403, 404, 409, 411, 412, 418, 419, 420, 422, 423, 424, 425, 429, 431, 433, 434, 435, 436, 437], "excluded_lines": [], "start_line": 381}, "": {"executed_lines": [7, 8, 9, 11, 12, 13, 21, 23, 24, 26, 29, 37, 40, 41, 42, 43, 48, 51, 52, 53, 56, 59, 60, 61, 62, 63, 66, 67, 68, 69, 70, 71, 72, 80, 100, 121, 135, 193, 245, 306, 381, 448, 455, 463, 470, 477, 484, 491], "summary": {"covered_lines": 48, "num_statements": 48, "percent_covered": 100.0, "percent_covered_display": "100", "missing_lines": 0, "excluded_lines": 0, "percent_statements_covered": 100.0, "percent_statements_covered_display": "100"}, "missing_lines": [], "excluded_lines": [], "start_line": 1}}, "classes": {"CreateResumeRequest": {"executed_lines": [], "summary": {"covered_lines": 0, "num_statements": 0, "percent_covered": 100.0, "percent_covered_display": "100", "missing_lines": 0, "excluded_lines": 0, "percent_statements_covered": 100.0, "percent_statements_covered_display": "100"}, "missing_lines": [], "excluded_lines": [], "start_line": 37}, "UpdateResumeRequest": {"executed_lines": [], "summary": {"covered_lines": 0, "num_statements": 0, "percent_covered": 100.0, "percent_covered_display": "100", "missing_lines": 0, "excluded_lines": 0, "percent_statements_covered": 100.0, "percent_statements_covered_display": "100"}, "missing_lines": [], "excluded_lines": [], "start_line": 48}, "ResumeResponse": {"executed_lines": [], "summary": {"covered_lines": 0, "num_statements": 0, "percent_covered": 100.0, "percent_covered_display": "100", "missing_lines": 0, "excluded_lines": 0, "percent_statements_covered": 100.0, "percent_statements_covered_display": "100"}, "missing_lines": [], "excluded_lines": [], "start_line": 56}, "": {"executed_lines": [7, 8, 9, 11, 12, 13, 21, 23, 24, 26, 29, 37, 40, 41, 42, 43, 48, 51, 52, 53, 56, 59, 60, 61, 62, 63, 66, 67, 68, 69, 70, 71, 72, 80, 100, 121, 135, 193, 245, 267, 268, 271, 276, 277, 295, 296, 306, 381, 448, 455, 463, 470, 477, 484, 491], "summary": {"covered_lines": 55, "num_statements": 133, "percent_covered": 41.35338345864662, "percent_covered_display": "41", "missing_lines": 78, "excluded_lines": 0, "percent_statements_covered": 41.35338345864662, "percent_statements_covered_display": "41"}, "missing_lines": [92, 93, 94, 95, 112, 113, 114, 115, 127, 153, 154, 157, 168, 170, 173, 174, 185, 186, 187, 209, 211, 214, 215, 216, 220, 235, 236, 237, 238, 239, 278, 298, 299, 300, 324, 326, 329, 330, 331, 336, 338, 339, 340, 341, 342, 343, 346, 348, 349, 354, 356, 371, 372, 373, 374, 375, 397, 399, 402, 403, 404, 409, 411, 412, 418, 419, 420, 422, 423, 424, 425, 429, 431, 433, 434, 435, 436, 437], "excluded_lines": [], "start_line": 1}}}, "app/api/routers/resume/master_cv.py": {"executed_lines": [7, 8, 9, 10, 11, 13, 14, 15, 26, 27, 29, 30, 31, 32, 33, 35, 38, 46, 49, 50, 51, 52, 57, 60, 61, 62, 63, 64, 65, 66, 67, 68, 69, 70, 71, 72, 75, 78, 79, 80, 85, 88, 89, 90, 91, 92, 93, 94, 97, 107, 127, 152, 173, 187, 188, 279, 280, 345, 346, 400, 401, 506, 507, 568, 569, 648, 649, 715, 722, 730, 737, 744, 751, 758, 765, 771], "summary": {"covered_lines": 76, "num_statements": 218, "percent_covered": 34.862385321100916, "percent_covered_display": "35", "missing_lines": 142, "excluded_lines": 0, "percent_statements_covered": 34.862385321100916, "percent_statements_covered_display": "35"}, "missing_lines": [119, 120, 121, 122, 137, 138, 139, 145, 146, 164, 165, 166, 167, 179, 215, 216, 219, 222, 225, 226, 227, 230, 233, 249, 251, 253, 269, 270, 271, 272, 273, 303, 304, 307, 312, 313, 315, 316, 334, 335, 337, 338, 339, 363, 365, 368, 369, 370, 374, 390, 391, 392, 393, 394, 428, 430, 433, 434, 435, 440, 443, 446, 449, 450, 451, 454, 462, 463, 464, 465, 466, 467, 470, 472, 473, 478, 480, 496, 497, 498, 499, 500, 524, 526, 529, 530, 531, 536, 538, 539, 545, 546, 547, 548, 549, 550, 554, 556, 558, 559, 560, 561, 562, 590, 591, 594, 597, 598, 599, 604, 605, 606, 607, 608, 609, 610, 613, 619, 625, 627, 638, 639, 640, 641, 642, 666, 668, 671, 672, 673, 678, 679, 680, 686, 690, 693, 694, 700, 701, 702, 703, 704], "excluded_lines": [], "functions": {"validate_object_id": {"executed_lines": [], "summary": {"covered_lines": 0, "num_statements": 4, "percent_covered": 0.0, "percent_covered_display": "0", "missing_lines": 4, "excluded_lines": 0, "percent_statements_covered": 0.0, "percent_statements_covered_display": "0"}, "missing_lines": [119, 120, 121, 122], "excluded_lines": [], "start_line": 107}, "validate_master_cv_file": {"executed_lines": [], "summary": {"covered_lines": 0, "num_statements": 5, "percent_covered": 0.0, "percent_covered_display": "0", "missing_lines": 5, "excluded_lines": 0, "percent_statements_covered": 0.0, "percent_statements_covered_display": "0"}, "missing_lines": [137, 138, 139, 145, 146], "excluded_lines": [], "start_line": 127}, "get_resume_repository": {"executed_lines": [], "summary": {"covered_lines": 0, "num_statements": 4, "percent_covered": 0.0, "percent_covered_display": "0", "missing_lines": 4, "excluded_lines": 0, "percent_statements_covered": 0.0, "percent_statements_covered_display": "0"}, "missing_lines": [164, 165, 166, 167], "excluded_lines": [], "start_line": 152}, "get_file_validator": {"executed_lines": [], "summary": {"covered_lines": 0, "num_statements": 1, "percent_covered": 0.0, "percent_covered_display": "0", "missing_lines": 1, "excluded_lines": 0, "percent_statements_covered": 0.0, "percent_statements_covered_display": "0"}, "missing_lines": [179], "excluded_lines": [], "start_line": 173}, "upload_master_cv": {"executed_lines": [], "summary": {"covered_lines": 0, "num_statements": 17, "percent_covered": 0.0, "percent_covered_display": "0", "missing_lines": 17, "excluded_lines": 0, "percent_statements_covered": 0.0, "percent_statements_covered_display": "0"}, "missing_lines": [215, 216, 219, 222, 225, 226, 227, 230, 233, 249, 251, 253, 269, 270, 271, 272, 273], "excluded_lines": [], "start_line": 188}, "get_master_cvs": {"executed_lines": [], "summary": {"covered_lines": 0, "num_statements": 12, "percent_covered": 0.0, "percent_covered_display": "0", "missing_lines": 12, "excluded_lines": 0, "percent_statements_covered": 0.0, "percent_statements_covered_display": "0"}, "missing_lines": [303, 304, 307, 312, 313, 315, 316, 334, 335, 337, 338, 339], "excluded_lines": [], "start_line": 280}, "get_master_cv": {"executed_lines": [], "summary": {"covered_lines": 0, "num_statements": 11, "percent_covered": 0.0, "percent_covered_display": "0", "missing_lines": 11, "excluded_lines": 0, "percent_statements_covered": 0.0, "percent_statements_covered_display": "0"}, "missing_lines": [363, 365, 368, 369, 370, 374, 390, 391, 392, 393, 394], "excluded_lines": [], "start_line": 346}, "replace_master_cv": {"executed_lines": [], "summary": {"covered_lines": 0, "num_statements": 28, "percent_covered": 0.0, "percent_covered_display": "0", "missing_lines": 28, "excluded_lines": 0, "percent_statements_covered": 0.0, "percent_statements_covered_display": "0"}, "missing_lines": [428, 430, 433, 434, 435, 440, 443, 446, 449, 450, 451, 454, 462, 463, 464, 465, 466, 467, 470, 472, 473, 478, 480, 496, 497, 498, 499, 500], "excluded_lines": [], "start_line": 401}, "delete_master_cv": {"executed_lines": [], "summary": {"covered_lines": 0, "num_statements": 21, "percent_covered": 0.0, "percent_covered_display": "0", "missing_lines": 21, "excluded_lines": 0, "percent_statements_covered": 0.0, "percent_statements_covered_display": "0"}, "missing_lines": [524, 526, 529, 530, 531, 536, 538, 539, 545, 546, 547, 548, 549, 550, 554, 556, 558, 559, 560, 561, 562], "excluded_lines": [], "start_line": 507}, "test_master_cv_endpoint": {"executed_lines": [], "summary": {"covered_lines": 0, "num_statements": 22, "percent_covered": 0.0, "percent_covered_display": "0", "missing_lines": 22, "excluded_lines": 0, "percent_statements_covered": 0.0, "percent_statements_covered_display": "0"}, "missing_lines": [590, 591, 594, 597, 598, 599, 604, 605, 606, 607, 608, 609, 610, 613, 619, 625, 627, 638, 639, 640, 641, 642], "excluded_lines": [], "start_line": 569}, "download_original_resume": {"executed_lines": [], "summary": {"covered_lines": 0, "num_statements": 17, "percent_covered": 0.0, "percent_covered_display": "0", "missing_lines": 17, "excluded_lines": 0, "percent_statements_covered": 0.0, "percent_statements_covered_display": "0"}, "missing_lines": [666, 668, 671, 672, 673, 678, 679, 680, 686, 690, 693, 694, 700, 701, 702, 703, 704], "excluded_lines": [], "start_line": 649}, "": {"executed_lines": [7, 8, 9, 10, 11, 13, 14, 15, 26, 27, 29, 30, 31, 32, 33, 35, 38, 46, 49, 50, 51, 52, 57, 60, 61, 62, 63, 64, 65, 66, 67, 68, 69, 70, 71, 72, 75, 78, 79, 80, 85, 88, 89, 90, 91, 92, 93, 94, 97, 107, 127, 152, 173, 187, 188, 279, 280, 345, 346, 400, 401, 506, 507, 568, 569, 648, 649, 715, 722, 730, 737, 744, 751, 758, 765, 771], "summary": {"covered_lines": 76, "num_statements": 76, "percent_covered": 100.0, "percent_covered_display": "100", "missing_lines": 0, "excluded_lines": 0, "percent_statements_covered": 100.0, "percent_statements_covered_display": "100"}, "missing_lines": [], "excluded_lines": [], "start_line": 1}}, "classes": {"MasterCVRequest": {"executed_lines": [], "summary": {"covered_lines": 0, "num_statements": 0, "percent_covered": 100.0, "percent_covered_display": "100", "missing_lines": 0, "excluded_lines": 0, "percent_statements_covered": 100.0, "percent_statements_covered_display": "100"}, "missing_lines": [], "excluded_lines": [], "start_line": 46}, "MasterCVResponse": {"executed_lines": [], "summary": {"covered_lines": 0, "num_statements": 0, "percent_covered": 100.0, "percent_covered_display": "100", "missing_lines": 0, "excluded_lines": 0, "percent_statements_covered": 100.0, "percent_statements_covered_display": "100"}, "missing_lines": [], "excluded_lines": [], "start_line": 57}, "MasterCVTestRequest": {"executed_lines": [], "summary": {"covered_lines": 0, "num_statements": 0, "percent_covered": 100.0, "percent_covered_display": "100", "missing_lines": 0, "excluded_lines": 0, "percent_statements_covered": 100.0, "percent_statements_covered_display": "100"}, "missing_lines": [], "excluded_lines": [], "start_line": 75}, "MasterCVTestResponse": {"executed_lines": [], "summary": {"covered_lines": 0, "num_statements": 0, "percent_covered": 100.0, "percent_covered_display": "100", "missing_lines": 0, "excluded_lines": 0, "percent_statements_covered": 100.0, "percent_statements_covered_display": "100"}, "missing_lines": [], "excluded_lines": [], "start_line": 85}, "": {"executed_lines": [7, 8, 9, 10, 11, 13, 14, 15, 26, 27, 29, 30, 31, 32, 33, 35, 38, 46, 49, 50, 51, 52, 57, 60, 61, 62, 63, 64, 65, 66, 67, 68, 69, 70, 71, 72, 75, 78, 79, 80, 85, 88, 89, 90, 91, 92, 93, 94, 97, 107, 127, 152, 173, 187, 188, 279, 280, 345, 346, 400, 401, 506, 507, 568, 569, 648, 649, 715, 722, 730, 737, 744, 751, 758, 765, 771], "summary": {"covered_lines": 76, "num_statements": 218, "percent_covered": 34.862385321100916, "percent_covered_display": "35", "missing_lines": 142, "excluded_lines": 0, "percent_statements_covered": 34.862385321100916, "percent_statements_covered_display": "35"}, "missing_lines": [119, 120, 121, 122, 137, 138, 139, 145, 146, 164, 165, 166, 167, 179, 215, 216, 219, 222, 225, 226, 227, 230, 233, 249, 251, 253, 269, 270, 271, 272, 273, 303, 304, 307, 312, 313, 315, 316, 334, 335, 337, 338, 339, 363, 365, 368, 369, 370, 374, 390, 391, 392, 393, 394, 428, 430, 433, 434, 435, 440, 443, 446, 449, 450, 451, 454, 462, 463, 464, 465, 466, 467, 470, 472, 473, 478, 480, 496, 497, 498, 499, 500, 524, 526, 529, 530, 531, 536, 538, 539, 545, 546, 547, 548, 549, 550, 554, 556, 558, 559, 560, 561, 562, 590, 591, 594, 597, 598, 599, 604, 605, 606, 607, 608, 609, 610, 613, 619, 625, 627, 638, 639, 640, 641, 642, 666, 668, 671, 672, 673, 678, 679, 680, 686, 690, 693, 694, 700, 701, 702, 703, 704], "excluded_lines": [], "start_line": 1}}}, "app/api/routers/resume/optimization.py": {"executed_lines": [7, 8, 9, 11, 18, 20, 21, 22, 23, 25, 33, 36, 39, 42, 45, 48, 54, 57, 58, 61, 64, 65, 66, 67, 68, 74, 77, 78, 79, 80, 81, 82, 83, 84, 87, 90, 91, 92, 95, 96, 97, 100, 103, 104, 105, 108, 118, 139, 148, 162, 163, 248, 249, 321, 322, 404, 411, 418, 425, 432], "summary": {"covered_lines": 60, "num_statements": 129, "percent_covered": 46.51162790697674, "percent_covered_display": "47", "missing_lines": 69, "excluded_lines": 0, "percent_statements_covered": 46.51162790697674, "percent_statements_covered_display": "47"}, "missing_lines": [130, 131, 132, 133, 145, 154, 184, 185, 188, 189, 191, 192, 193, 194, 199, 200, 201, 206, 214, 223, 225, 227, 238, 239, 240, 241, 242, 270, 271, 274, 275, 277, 278, 279, 280, 285, 286, 287, 292, 295, 300, 302, 311, 312, 313, 314, 315, 343, 344, 347, 348, 350, 351, 352, 353, 358, 359, 360, 365, 368, 374, 377, 379, 381, 388, 389, 390, 391, 392], "excluded_lines": [], "functions": {"get_resume_repository": {"executed_lines": [], "summary": {"covered_lines": 0, "num_statements": 4, "percent_covered": 0.0, "percent_covered_display": "0", "missing_lines": 4, "excluded_lines": 0, "percent_statements_covered": 0.0, "percent_statements_covered_display": "0"}, "missing_lines": [130, 131, 132, 133], "excluded_lines": [], "start_line": 118}, "get_orchestrator": {"executed_lines": [], "summary": {"covered_lines": 0, "num_statements": 1, "percent_covered": 0.0, "percent_covered_display": "0", "missing_lines": 1, "excluded_lines": 0, "percent_statements_covered": 0.0, "percent_statements_covered_display": "0"}, "missing_lines": [145], "excluded_lines": [], "start_line": 139}, "get_master_cv": {"executed_lines": [], "summary": {"covered_lines": 0, "num_statements": 1, "percent_covered": 0.0, "percent_covered_display": "0", "missing_lines": 1, "excluded_lines": 0, "percent_statements_covered": 0.0, "percent_statements_covered_display": "0"}, "missing_lines": [154], "excluded_lines": [], "start_line": 148}, "optimize_resume": {"executed_lines": [], "summary": {"covered_lines": 0, "num_statements": 21, "percent_covered": 0.0, "percent_covered_display": "0", "missing_lines": 21, "excluded_lines": 0, "percent_statements_covered": 0.0, "percent_statements_covered_display": "0"}, "missing_lines": [184, 185, 188, 189, 191, 192, 193, 194, 199, 200, 201, 206, 214, 223, 225, 227, 238, 239, 240, 241, 242], "excluded_lines": [], "start_line": 163}, "score_resume": {"executed_lines": [], "summary": {"covered_lines": 0, "num_statements": 20, "percent_covered": 0.0, "percent_covered_display": "0", "missing_lines": 20, "excluded_lines": 0, "percent_statements_covered": 0.0, "percent_statements_covered_display": "0"}, "missing_lines": [270, 271, 274, 275, 277, 278, 279, 280, 285, 286, 287, 292, 295, 300, 302, 311, 312, 313, 314, 315], "excluded_lines": [], "start_line": 249}, "generate_cover_letter": {"executed_lines": [], "summary": {"covered_lines": 0, "num_statements": 22, "percent_covered": 0.0, "percent_covered_display": "0", "missing_lines": 22, "excluded_lines": 0, "percent_statements_covered": 0.0, "percent_statements_covered_display": "0"}, "missing_lines": [343, 344, 347, 348, 350, 351, 352, 353, 358, 359, 360, 365, 368, 374, 377, 379, 381, 388, 389, 390, 391, 392], "excluded_lines": [], "start_line": 322}, "": {"executed_lines": [7, 8, 9, 11, 18, 20, 21, 22, 23, 25, 33, 36, 39, 42, 45, 48, 54, 57, 58, 61, 64, 65, 66, 67, 68, 74, 77, 78, 79, 80, 81, 82, 83, 84, 87, 90, 91, 92, 95, 96, 97, 100, 103, 104, 105, 108, 118, 139, 148, 162, 163, 248, 249, 321, 322, 404, 411, 418, 425, 432], "summary": {"covered_lines": 60, "num_statements": 60, "percent_covered": 100.0, "percent_covered_display": "100", "missing_lines": 0, "excluded_lines": 0, "percent_statements_covered": 100.0, "percent_statements_covered_display": "100"}, "missing_lines": [], "excluded_lines": [], "start_line": 1}}, "classes": {"OptimizeResumeRequest": {"executed_lines": [], "summary": {"covered_lines": 0, "num_statements": 0, "percent_covered": 100.0, "percent_covered_display": "100", "missing_lines": 0, "excluded_lines": 0, "percent_statements_covered": 100.0, "percent_statements_covered_display": "100"}, "missing_lines": [], "excluded_lines": [], "start_line": 33}, "ScoreResumeRequest": {"executed_lines": [], "summary": {"covered_lines": 0, "num_statements": 0, "percent_covered": 100.0, "percent_covered_display": "100", "missing_lines": 0, "excluded_lines": 0, "percent_statements_covered": 100.0, "percent_statements_covered_display": "100"}, "missing_lines": [], "excluded_lines": [], "start_line": 54}, "CoverLetterRequest": {"executed_lines": [], "summary": {"covered_lines": 0, "num_statements": 0, "percent_covered": 100.0, "percent_covered_display": "100", "missing_lines": 0, "excluded_lines": 0, "percent_statements_covered": 100.0, "percent_statements_covered_display": "100"}, "missing_lines": [], "excluded_lines": [], "start_line": 61}, "OptimizeResponse": {"executed_lines": [], "summary": {"covered_lines": 0, "num_statements": 0, "percent_covered": 100.0, "percent_covered_display": "100", "missing_lines": 0, "excluded_lines": 0, "percent_statements_covered": 100.0, "percent_statements_covered_display": "100"}, "missing_lines": [], "excluded_lines": [], "start_line": 74}, "ScoreResponse": {"executed_lines": [], "summary": {"covered_lines": 0, "num_statements": 0, "percent_covered": 100.0, "percent_covered_display": "100", "missing_lines": 0, "excluded_lines": 0, "percent_statements_covered": 100.0, "percent_statements_covered_display": "100"}, "missing_lines": [], "excluded_lines": [], "start_line": 87}, "CoverLetterResponse": {"executed_lines": [], "summary": {"covered_lines": 0, "num_statements": 0, "percent_covered": 100.0, "percent_covered_display": "100", "missing_lines": 0, "excluded_lines": 0, "percent_statements_covered": 100.0, "percent_statements_covered_display": "100"}, "missing_lines": [], "excluded_lines": [], "start_line": 100}, "": {"executed_lines": [7, 8, 9, 11, 18, 20, 21, 22, 23, 25, 33, 36, 39, 42, 45, 48, 54, 57, 58, 61, 64, 65, 66, 67, 68, 74, 77, 78, 79, 80, 81, 82, 83, 84, 87, 90, 91, 92, 95, 96, 97, 100, 103, 104, 105, 108, 118, 139, 148, 162, 163, 248, 249, 321, 322, 404, 411, 418, 425, 432], "summary": {"covered_lines": 60, "num_statements": 129, "percent_covered": 46.51162790697674, "percent_covered_display": "47", "missing_lines": 69, "excluded_lines": 0, "percent_statements_covered": 46.51162790697674, "percent_statements_covered_display": "47"}, "missing_lines": [130, 131, 132, 133, 145, 154, 184, 185, 188, 189, 191, 192, 193, 194, 199, 200, 201, 206, 214, 223, 225, 227, 238, 239, 240, 241, 242, 270, 271, 274, 275, 277, 278, 279, 280, 285, 286, 287, 292, 295, 300, 302, 311, 312, 313, 314, 315, 343, 344, 347, 348, 350, 351, 352, 353, 358, 359, 360, 365, 368, 374, 377, 379, 381, 388, 389, 390, 391, 392], "excluded_lines": [], "start_line": 1}}}, "app/api/routers/resume/router.py": {"executed_lines": [7, 9, 11, 13, 16, 23, 24, 25, 26, 28], "summary": {"covered_lines": 10, "num_statements": 10, "percent_covered": 100.0, "percent_covered_display": "100", "missing_lines": 0, "excluded_lines": 0, "percent_statements_covered": 100.0, "percent_statements_covered_display": "100"}, "missing_lines": [], "excluded_lines": [], "functions": {"": {"executed_lines": [7, 9, 11, 13, 16, 23, 24, 25, 26, 28], "summary": {"covered_lines": 10, "num_statements": 10, "percent_covered": 100.0, "percent_covered_display": "100", "missing_lines": 0, "excluded_lines": 0, "percent_statements_covered": 100.0, "percent_statements_covered_display": "100"}, "missing_lines": [], "excluded_lines": [], "start_line": 1}}, "classes": {"": {"executed_lines": [7, 9, 11, 13, 16, 23, 24, 25, 26, 28], "summary": {"covered_lines": 10, "num_statements": 10, "percent_covered": 100.0, "percent_covered_display": "100", "missing_lines": 0, "excluded_lines": 0, "percent_statements_covered": 100.0, "percent_statements_covered_display": "100"}, "missing_lines": [], "excluded_lines": [], "start_line": 1}}}, "app/api/routers/resume/templates.py": {"executed_lines": [7, 8, 9, 10, 11, 13, 21, 22, 24, 25, 26, 27, 29, 37, 40, 41, 42, 43, 44, 45, 50, 53, 54, 55, 56, 57, 58, 59, 62, 65, 66, 67, 70, 73, 74, 75, 78, 83, 86, 87, 88, 89, 90, 93, 96, 97, 98, 106, 155, 176, 188, 209, 218, 232, 233, 306, 307, 367, 368, 418, 419, 552, 553, 604, 605, 684, 691, 698, 705, 714, 721, 727, 733], "summary": {"covered_lines": 73, "num_statements": 205, "percent_covered": 35.609756097560975, "percent_covered_display": "36", "missing_lines": 132, "excluded_lines": 0, "percent_statements_covered": 35.609756097560975, "percent_statements_covered_display": "36"}, "missing_lines": [167, 168, 169, 173, 182, 183, 184, 185, 200, 201, 202, 203, 215, 224, 252, 253, 256, 257, 259, 261, 262, 263, 264, 266, 281, 284, 286, 288, 290, 292, 298, 299, 300, 323, 324, 327, 328, 330, 331, 332, 334, 349, 353, 354, 357, 358, 359, 360, 361, 383, 384, 389, 391, 405, 406, 407, 440, 441, 442, 444, 447, 448, 449, 450, 456, 457, 458, 463, 466, 467, 470, 473, 474, 476, 478, 480, 485, 487, 509, 510, 511, 513, 514, 516, 522, 525, 527, 529, 540, 542, 543, 544, 545, 546, 568, 569, 571, 572, 575, 576, 581, 582, 586, 588, 594, 595, 596, 597, 598, 626, 627, 628, 630, 633, 634, 635, 636, 642, 643, 644, 649, 650, 651, 652, 654, 661, 663, 669, 670, 671, 672, 673], "excluded_lines": [], "functions": {"validate_format": {"executed_lines": [], "summary": {"covered_lines": 0, "num_statements": 4, "percent_covered": 0.0, "percent_covered_display": "0", "missing_lines": 4, "excluded_lines": 0, "percent_statements_covered": 0.0, "percent_statements_covered_display": "0"}, "missing_lines": [167, 168, 169, 173], "excluded_lines": [], "start_line": 155}, "get_template_categories": {"executed_lines": [], "summary": {"covered_lines": 0, "num_statements": 4, "percent_covered": 0.0, "percent_covered_display": "0", "missing_lines": 4, "excluded_lines": 0, "percent_statements_covered": 0.0, "percent_statements_covered_display": "0"}, "missing_lines": [182, 183, 184, 185], "excluded_lines": [], "start_line": 176}, "get_resume_repository": {"executed_lines": [], "summary": {"covered_lines": 0, "num_statements": 4, "percent_covered": 0.0, "percent_covered_display": "0", "missing_lines": 4, "excluded_lines": 0, "percent_statements_covered": 0.0, "percent_statements_covered_display": "0"}, "missing_lines": [200, 201, 202, 203], "excluded_lines": [], "start_line": 188}, "get_template_config": {"executed_lines": [], "summary": {"covered_lines": 0, "num_statements": 1, "percent_covered": 0.0, "percent_covered_display": "0", "missing_lines": 1, "excluded_lines": 0, "percent_statements_covered": 0.0, "percent_statements_covered_display": "0"}, "missing_lines": [215], "excluded_lines": [], "start_line": 209}, "get_typst_generator": {"executed_lines": [], "summary": {"covered_lines": 0, "num_statements": 1, "percent_covered": 0.0, "percent_covered_display": "0", "missing_lines": 1, "excluded_lines": 0, "percent_statements_covered": 0.0, "percent_statements_covered_display": "0"}, "missing_lines": [224], "excluded_lines": [], "start_line": 218}, "get_templates": {"executed_lines": [], "summary": {"covered_lines": 0, "num_statements": 19, "percent_covered": 0.0, "percent_covered_display": "0", "missing_lines": 19, "excluded_lines": 0, "percent_statements_covered": 0.0, "percent_statements_covered_display": "0"}, "missing_lines": [252, 253, 256, 257, 259, 261, 262, 263, 264, 266, 281, 284, 286, 288, 290, 292, 298, 299, 300], "excluded_lines": [], "start_line": 233}, "get_template_by_id": {"executed_lines": [], "summary": {"covered_lines": 0, "num_statements": 16, "percent_covered": 0.0, "percent_covered_display": "0", "missing_lines": 16, "excluded_lines": 0, "percent_statements_covered": 0.0, "percent_statements_covered_display": "0"}, "missing_lines": [323, 324, 327, 328, 330, 331, 332, 334, 349, 353, 354, 357, 358, 359, 360, 361], "excluded_lines": [], "start_line": 307}, "create_custom_template": {"executed_lines": [], "summary": {"covered_lines": 0, "num_statements": 7, "percent_covered": 0.0, "percent_covered_display": "0", "missing_lines": 7, "excluded_lines": 0, "percent_statements_covered": 0.0, "percent_statements_covered_display": "0"}, "missing_lines": [383, 384, 389, 391, 405, 406, 407], "excluded_lines": [], "start_line": 368}, "download_resume": {"executed_lines": [], "summary": {"covered_lines": 0, "num_statements": 38, "percent_covered": 0.0, "percent_covered_display": "0", "missing_lines": 38, "excluded_lines": 0, "percent_statements_covered": 0.0, "percent_statements_covered_display": "0"}, "missing_lines": [440, 441, 442, 444, 447, 448, 449, 450, 456, 457, 458, 463, 466, 467, 470, 473, 474, 476, 478, 480, 485, 487, 509, 510, 511, 513, 514, 516, 522, 525, 527, 529, 540, 542, 543, 544, 545, 546], "excluded_lines": [], "start_line": 419}, "download_resume_file": {"executed_lines": [], "summary": {"covered_lines": 0, "num_statements": 15, "percent_covered": 0.0, "percent_covered_display": "0", "missing_lines": 15, "excluded_lines": 0, "percent_statements_covered": 0.0, "percent_statements_covered_display": "0"}, "missing_lines": [568, 569, 571, 572, 575, 576, 581, 582, 586, 588, 594, 595, 596, 597, 598], "excluded_lines": [], "start_line": 553}, "generate_pdf_preview": {"executed_lines": [], "summary": {"covered_lines": 0, "num_statements": 23, "percent_covered": 0.0, "percent_covered_display": "0", "missing_lines": 23, "excluded_lines": 0, "percent_statements_covered": 0.0, "percent_statements_covered_display": "0"}, "missing_lines": [626, 627, 628, 630, 633, 634, 635, 636, 642, 643, 644, 649, 650, 651, 652, 654, 661, 663, 669, 670, 671, 672, 673], "excluded_lines": [], "start_line": 605}, "": {"executed_lines": [7, 8, 9, 10, 11, 13, 21, 22, 24, 25, 26, 27, 29, 37, 40, 41, 42, 43, 44, 45, 50, 53, 54, 55, 56, 57, 58, 59, 62, 65, 66, 67, 70, 73, 74, 75, 78, 83, 86, 87, 88, 89, 90, 93, 96, 97, 98, 106, 155, 176, 188, 209, 218, 232, 233, 306, 307, 367, 368, 418, 419, 552, 553, 604, 605, 684, 691, 698, 705, 714, 721, 727, 733], "summary": {"covered_lines": 73, "num_statements": 73, "percent_covered": 100.0, "percent_covered_display": "100", "missing_lines": 0, "excluded_lines": 0, "percent_statements_covered": 100.0, "percent_statements_covered_display": "100"}, "missing_lines": [], "excluded_lines": [], "start_line": 1}}, "classes": {"TemplateRequest": {"executed_lines": [], "summary": {"covered_lines": 0, "num_statements": 0, "percent_covered": 100.0, "percent_covered_display": "100", "missing_lines": 0, "excluded_lines": 0, "percent_statements_covered": 100.0, "percent_statements_covered_display": "100"}, "missing_lines": [], "excluded_lines": [], "start_line": 37}, "TemplateResponse": {"executed_lines": [], "summary": {"covered_lines": 0, "num_statements": 0, "percent_covered": 100.0, "percent_covered_display": "100", "missing_lines": 0, "excluded_lines": 0, "percent_statements_covered": 100.0, "percent_statements_covered_display": "100"}, "missing_lines": [], "excluded_lines": [], "start_line": 50}, "DownloadRequest": {"executed_lines": [], "summary": {"covered_lines": 0, "num_statements": 0, "percent_covered": 100.0, "percent_covered_display": "100", "missing_lines": 0, "excluded_lines": 0, "percent_statements_covered": 100.0, "percent_statements_covered_display": "100"}, "missing_lines": [], "excluded_lines": [], "start_line": 70}, "DownloadResponse": {"executed_lines": [], "summary": {"covered_lines": 0, "num_statements": 0, "percent_covered": 100.0, "percent_covered_display": "100", "missing_lines": 0, "excluded_lines": 0, "percent_statements_covered": 100.0, "percent_statements_covered_display": "100"}, "missing_lines": [], "excluded_lines": [], "start_line": 83}, "TemplateListResponse": {"executed_lines": [], "summary": {"covered_lines": 0, "num_statements": 0, "percent_covered": 100.0, "percent_covered_display": "100", "missing_lines": 0, "excluded_lines": 0, "percent_statements_covered": 100.0, "percent_statements_covered_display": "100"}, "missing_lines": [], "excluded_lines": [], "start_line": 93}, "": {"executed_lines": [7, 8, 9, 10, 11, 13, 21, 22, 24, 25, 26, 27, 29, 37, 40, 41, 42, 43, 44, 45, 50, 53, 54, 55, 56, 57, 58, 59, 62, 65, 66, 67, 70, 73, 74, 75, 78, 83, 86, 87, 88, 89, 90, 93, 96, 97, 98, 106, 155, 176, 188, 209, 218, 232, 233, 306, 307, 367, 368, 418, 419, 552, 553, 604, 605, 684, 691, 698, 705, 714, 721, 727, 733], "summary": {"covered_lines": 73, "num_statements": 205, "percent_covered": 35.609756097560975, "percent_covered_display": "36", "missing_lines": 132, "excluded_lines": 0, "percent_statements_covered": 35.609756097560975, "percent_statements_covered_display": "36"}, "missing_lines": [167, 168, 169, 173, 182, 183, 184, 185, 200, 201, 202, 203, 215, 224, 252, 253, 256, 257, 259, 261, 262, 263, 264, 266, 281, 284, 286, 288, 290, 292, 298, 299, 300, 323, 324, 327, 328, 330, 331, 332, 334, 349, 353, 354, 357, 358, 359, 360, 361, 383, 384, 389, 391, 405, 406, 407, 440, 441, 442, 444, 447, 448, 449, 450, 456, 457, 458, 463, 466, 467, 470, 473, 474, 476, 478, 480, 485, 487, 509, 510, 511, 513, 514, 516, 522, 525, 527, 529, 540, 542, 543, 544, 545, 546, 568, 569, 571, 572, 575, 576, 581, 582, 586, 588, 594, 595, 596, 597, 598, 626, 627, 628, 630, 633, 634, 635, 636, 642, 643, 644, 649, 650, 651, 652, 654, 661, 663, 669, 670, 671, 672, 673], "excluded_lines": [], "start_line": 1}}}, "app/api/routers/token_usage.py": {"executed_lines": [7, 9, 11, 12, 14, 21, 22, 57, 58, 81, 82], "summary": {"covered_lines": 11, "num_statements": 23, "percent_covered": 47.82608695652174, "percent_covered_display": "48", "missing_lines": 12, "excluded_lines": 0, "percent_statements_covered": 47.82608695652174, "percent_statements_covered_display": "48"}, "missing_lines": [44, 45, 50, 51, 52, 72, 7
[...]
lidationHelper.test_validate_email_valid": {"executed_lines": [291, 292, 293], "summary": {"covered_lines": 3, "num_statements": 3, "percent_covered": 100.0, "percent_covered_display": "100", "missing_lines": 0, "excluded_lines": 0, "percent_statements_covered": 100.0, "percent_statements_covered_display": "100"}, "missing_lines": [], "excluded_lines": [], "start_line": 289}, "TestValidationHelper.test_validate_email_invalid": {"executed_lines": [297, 298, 299], "summary": {"covered_lines": 3, "num_statements": 3, "percent_covered": 100.0, "percent_covered_display": "100", "missing_lines": 0, "excluded_lines": 0, "percent_statements_covered": 100.0, "percent_statements_covered_display": "100"}, "missing_lines": [], "excluded_lines": [], "start_line": 295}, "TestValidationHelper.test_validate_phone_valid": {"executed_lines": [303, 304, 305], "summary": {"covered_lines": 3, "num_statements": 3, "percent_covered": 100.0, "percent_covered_display": "100", "missing_lines": 0, "excluded_lines": 0, "percent_statements_covered": 100.0, "percent_statements_covered_display": "100"}, "missing_lines": [], "excluded_lines": [], "start_line": 301}, "TestValidationHelper.test_validate_phone_invalid": {"executed_lines": [309, 310, 311], "summary": {"covered_lines": 3, "num_statements": 3, "percent_covered": 100.0, "percent_covered_display": "100", "missing_lines": 0, "excluded_lines": 0, "percent_statements_covered": 100.0, "percent_statements_covered_display": "100"}, "missing_lines": [], "excluded_lines": [], "start_line": 307}, "TestValidationHelper.test_validate_template_name_valid": {"executed_lines": [315, 316, 317, 318], "summary": {"covered_lines": 4, "num_statements": 4, "percent_covered": 100.0, "percent_covered_display": "100", "missing_lines": 0, "excluded_lines": 0, "percent_statements_covered": 100.0, "percent_statements_covered_display": "100"}, "missing_lines": [], "excluded_lines": [], "start_line": 313}, "TestValidationHelper.test_validate_template_name_invalid": {"executed_lines": [322, 323, 324, 325], "summary": {"covered_lines": 4, "num_statements": 4, "percent_covered": 100.0, "percent_covered_display": "100", "missing_lines": 0, "excluded_lines": 0, "percent_statements_covered": 100.0, "percent_statements_covered_display": "100"}, "missing_lines": [], "excluded_lines": [], "start_line": 320}, "TestErrorContext.test_error_context_success": {"executed_lines": [333, 334, 335, 337, 338, 339, 340], "summary": {"covered_lines": 7, "num_statements": 7, "percent_covered": 100.0, "percent_covered_display": "100", "missing_lines": 0, "excluded_lines": 0, "percent_statements_covered": 100.0, "percent_statements_covered_display": "100"}, "missing_lines": [], "excluded_lines": [], "start_line": 331}, "TestErrorContext.test_error_context_failure": {"executed_lines": [344, 345, 346, 347, 348, 349, 351, 352, 353, 354], "summary": {"covered_lines": 10, "num_statements": 10, "percent_covered": 100.0, "percent_covered_display": "100", "missing_lines": 0, "excluded_lines": 0, "percent_statements_covered": 100.0, "percent_statements_covered_display": "100"}, "missing_lines": [], "excluded_lines": [], "start_line": 342}, "TestCreateErrorResponse.test_create_error_response": {"executed_lines": [362, 369, 370, 371, 372, 373], "summary": {"covered_lines": 6, "num_statements": 6, "percent_covered": 100.0, "percent_covered_display": "100", "missing_lines": 0, "excluded_lines": 0, "percent_statements_covered": 100.0, "percent_statements_covered_display": "100"}, "missing_lines": [], "excluded_lines": [], "start_line": 360}, "TestValidationError.test_validation_error_creation": {"executed_lines": [381, 385, 386, 387], "summary": {"covered_lines": 4, "num_statements": 4, "percent_covered": 100.0, "percent_covered_display": "100", "missing_lines": 0, "excluded_lines": 0, "percent_statements_covered": 100.0, "percent_statements_covered_display": "100"}, "missing_lines": [], "excluded_lines": [], "start_line": 379}, "TestConfigurationError.test_configuration_error_creation": {"executed_lines": [396, 403, 404, 405, 406], "summary": {"covered_lines": 5, "num_statements": 5, "percent_covered": 100.0, "percent_covered_display": "100", "missing_lines": 0, "excluded_lines": 0, "percent_statements_covered": 100.0, "percent_statements_covered_display": "100"}, "missing_lines": [], "excluded_lines": [], "start_line": 394}, "": {"executed_lines": [3, 4, 5, 6, 7, 15, 18, 21, 36, 50, 53, 67, 80, 91, 102, 113, 125, 128, 134, 141, 151, 158, 169, 180, 187, 193, 200, 206, 212, 218, 226, 234, 239, 244, 251, 254, 260, 266, 271, 277, 283, 289, 295, 301, 307, 313, 320, 328, 331, 342, 357, 360, 376, 379, 391, 394, 409], "summary": {"covered_lines": 57, "num_statements": 58, "percent_covered": 98.27586206896552, "percent_covered_display": "98", "missing_lines": 1, "excluded_lines": 0, "percent_statements_covered": 98.27586206896552, "percent_statements_covered_display": "98"}, "missing_lines": [410], "excluded_lines": [], "start_line": 1}}, "classes": {"TestDetailedError": {"executed_lines": [23, 30, 31, 32, 33, 34, 38, 42, 44, 45, 46, 47], "summary": {"covered_lines": 12, "num_statements": 12, "percent_covered": 100.0, "percent_covered_display": "100", "missing_lines": 0, "excluded_lines": 0, "percent_statements_covered": 100.0, "percent_statements_covered_display": "100"}, "missing_lines": [], "excluded_lines": [], "start_line": 18}, "TestErrorHandler": {"executed_lines": [55, 56, 58, 59, 61, 62, 63, 64, 65, 69, 71, 72, 76, 77, 78, 82, 84, 88, 89, 93, 95, 99, 100, 104, 106, 110, 111, 115, 117, 121, 122], "summary": {"covered_lines": 31, "num_statements": 31, "percent_covered": 100.0, "percent_covered_display": "100", "missing_lines": 0, "excluded_lines": 0, "percent_statements_covered": 100.0, "percent_statements_covered_display": "100"}, "missing_lines": [], "excluded_lines": [], "start_line": 50}, "TestValidationHelperSecurity": {"executed_lines": [130, 131, 132, 136, 137, 138, 139, 143, 144, 145, 146, 153, 154, 155, 156, 160, 161, 162, 163, 164, 171, 172, 173, 174, 175, 182, 183, 184, 185, 189, 190, 191, 195, 196, 197, 198, 202, 203, 204, 208, 209, 210, 214, 215, 216, 220, 221, 222, 228, 229, 232, 236, 237, 241, 242, 246, 247, 248], "summary": {"covered_lines": 58, "num_statements": 58, "percent_covered": 100.0, "percent_covered_display": "100", "missing_lines": 0, "excluded_lines": 0, "percent_statements_covered": 100.0, "percent_statements_covered_display": "100"}, "missing_lines": [], "excluded_lines": [], "start_line": 125}, "TestValidationHelper": {"executed_lines": [256, 257, 258, 262, 263, 264, 268, 269, 273, 274, 275, 279, 280, 281, 285, 286, 287, 291, 292, 293, 297, 298, 299, 303, 304, 305, 309, 310, 311, 315, 316, 317, 318, 322, 323, 324, 325], "summary": {"covered_lines": 37, "num_statements": 37, "percent_covered": 100.0, "percent_covered_display": "100", "missing_lines": 0, "excluded_lines": 0, "percent_statements_covered": 100.0, "percent_statements_covered_display": "100"}, "missing_lines": [], "excluded_lines": [], "start_line": 251}, "TestErrorContext": {"executed_lines": [333, 334, 335, 337, 338, 339, 340, 344, 345, 346, 347, 348, 349, 351, 352, 353, 354], "summary": {"covered_lines": 17, "num_statements": 17, "percent_covered": 100.0, "percent_covered_display": "100", "missing_lines": 0, "excluded_lines": 0, "percent_statements_covered": 100.0, "percent_statements_covered_display": "100"}, "missing_lines": [], "excluded_lines": [], "start_line": 328}, "TestCreateErrorResponse": {"executed_lines": [362, 369, 370, 371, 372, 373], "summary": {"covered_lines": 6, "num_statements": 6, "percent_covered": 100.0, "percent_covered_display": "100", "missing_lines": 0, "excluded_lines": 0, "percent_statements_covered": 100.0, "percent_statements_covered_display": "100"}, "missing_lines": [], "excluded_lines": [], "start_line": 357}, "TestValidationError": {"executed_lines": [381, 385, 386, 387], "summary": {"covered_lines": 4, "num_statements": 4, "percent_covered": 100.0, "percent_covered_display": "100", "missing_lines": 0, "excluded_lines": 0, "percent_statements_covered": 100.0, "percent_statements_covered_display": "100"}, "missing_lines": [], "excluded_lines": [], "start_line": 376}, "TestConfigurationError": {"executed_lines": [396, 403, 404, 405, 406], "summary": {"covered_lines": 5, "num_statements": 5, "percent_covered": 100.0, "percent_covered_display": "100", "missing_lines": 0, "excluded_lines": 0, "percent_statements_covered": 100.0, "percent_statements_covered_display": "100"}, "missing_lines": [], "excluded_lines": [], "start_line": 391}, "": {"executed_lines": [3, 4, 5, 6, 7, 15, 18, 21, 36, 50, 53, 67, 80, 91, 102, 113, 125, 128, 134, 141, 151, 158, 169, 180, 187, 193, 200, 206, 212, 218, 226, 234, 239, 244, 251, 254, 260, 266, 271, 277, 283, 289, 295, 301, 307, 313, 320, 328, 331, 342, 357, 360, 376, 379, 391, 394, 409], "summary": {"covered_lines": 57, "num_statements": 58, "percent_covered": 98.27586206896552, "percent_covered_display": "98", "missing_lines": 1, "excluded_lines": 0, "percent_statements_covered": 98.27586206896552, "percent_statements_covered_display": "98"}, "missing_lines": [410], "excluded_lines": [], "start_line": 1}}}, "tests/test_filename_generation.py": {"executed_lines": [3, 4, 5, 6, 7, 8, 10, 13, 26, 27, 30, 31, 35, 39, 40, 41, 42, 43, 45, 46, 48, 51, 62, 63, 64, 65, 66, 68, 69, 71, 74, 76, 77, 79, 80, 82, 83, 84, 85, 86, 92, 94, 99, 101, 102, 105, 106, 107, 109, 112, 113, 114, 116], "summary": {"covered_lines": 53, "num_statements": 58, "percent_covered": 91.37931034482759, "percent_covered_display": "91", "missing_lines": 5, "excluded_lines": 0, "percent_statements_covered": 91.37931034482759, "percent_statements_covered_display": "91"}, "missing_lines": [88, 90, 95, 97, 98], "excluded_lines": [], "functions": {"test_resume_filename_generation": {"executed_lines": [13, 26, 27, 30, 31, 35, 39, 40, 41, 42, 43, 45, 46], "summary": {"covered_lines": 13, "num_statements": 13, "percent_covered": 100.0, "percent_covered_display": "100", "missing_lines": 0, "excluded_lines": 0, "percent_statements_covered": 100.0, "percent_statements_covered_display": "100"}, "missing_lines": [], "excluded_lines": [], "start_line": 10}, "test_cover_letter_filename_generation": {"executed_lines": [51, 62, 63, 64, 65, 66, 68, 69], "summary": {"covered_lines": 8, "num_statements": 8, "percent_covered": 100.0, "percent_covered_display": "100", "missing_lines": 0, "excluded_lines": 0, "percent_statements_covered": 100.0, "percent_statements_covered_display": "100"}, "missing_lines": [], "excluded_lines": [], "start_line": 48}, "test_filename_special_characters": {"executed_lines": [74, 76, 77, 79, 80, 82, 83, 84, 85, 86, 92, 94, 99, 101, 102, 105, 106, 107, 109, 112, 113, 114, 116], "summary": {"covered_lines": 23, "num_statements": 28, "percent_covered": 82.14285714285714, "percent_covered_display": "82", "missing_lines": 5, "excluded_lines": 0, "percent_statements_covered": 82.14285714285714, "percent_statements_covered_display": "82"}, "missing_lines": [88, 90, 95, 97, 98], "excluded_lines": [], "start_line": 71}, "": {"executed_lines": [3, 4, 5, 6, 7, 8, 10, 48, 71], "summary": {"covered_lines": 9, "num_statements": 9, "percent_covered": 100.0, "percent_covered_display": "100", "missing_lines": 0, "excluded_lines": 0, "percent_statements_covered": 100.0, "percent_statements_covered_display": "100"}, "missing_lines": [], "excluded_lines": [], "start_line": 1}}, "classes": {"": {"executed_lines": [3, 4, 5, 6, 7, 8, 10, 13, 26, 27, 30, 31, 35, 39, 40, 41, 42, 43, 45, 46, 48, 51, 62, 63, 64, 65, 66, 68, 69, 71, 74, 76, 77, 79, 80, 82, 83, 84, 85, 86, 92, 94, 99, 101, 102, 105, 106, 107, 109, 112, 113, 114, 116], "summary": {"covered_lines": 53, "num_statements": 58, "percent_covered": 91.37931034482759, "percent_covered_display": "91", "missing_lines": 5, "excluded_lines": 0, "percent_statements_covered": 91.37931034482759, "percent_statements_covered_display": "91"}, "missing_lines": [88, 90, 95, 97, 98], "excluded_lines": [], "start_line": 1}}}, "tests/test_json_repair.py": {"executed_lines": [3, 4, 7, 9, 10, 11, 14, 16, 17, 18, 21, 23, 24, 25, 28, 30, 31, 32, 35, 37, 44, 45, 47, 49, 50, 51, 54], "summary": {"covered_lines": 27, "num_statements": 33, "percent_covered": 81.81818181818181, "percent_covered_display": "82", "missing_lines": 6, "excluded_lines": 0, "percent_statements_covered": 81.81818181818181, "percent_statements_covered_display": "82"}, "missing_lines": [56, 57, 58, 59, 60, 61], "excluded_lines": [], "functions": {"test_repair_truncated_json_object": {"executed_lines": [9, 10, 11], "summary": {"covered_lines": 3, "num_statements": 3, "percent_covered": 100.0, "percent_covered_display": "100", "missing_lines": 0, "excluded_lines": 0, "percent_statements_covered": 100.0, "percent_statements_covered_display": "100"}, "missing_lines": [], "excluded_lines": [], "start_line": 7}, "test_repair_truncated_json_list": {"executed_lines": [16, 17, 18], "summary": {"covered_lines": 3, "num_statements": 3, "percent_covered": 100.0, "percent_covered_display": "100", "missing_lines": 0, "excluded_lines": 0, "percent_statements_covered": 100.0, "percent_statements_covered_display": "100"}, "missing_lines": [], "excluded_lines": [], "start_line": 14}, "test_repair_nested_structures": {"executed_lines": [23, 24, 25], "summary": {"covered_lines": 3, "num_statements": 3, "percent_covered": 100.0, "percent_covered_display": "100", "missing_lines": 0, "excluded_lines": 0, "percent_statements_covered": 100.0, "percent_statements_covered_display": "100"}, "missing_lines": [], "excluded_lines": [], "start_line": 21}, "test_repair_open_string": {"executed_lines": [30, 31, 32], "summary": {"covered_lines": 3, "num_statements": 3, "percent_covered": 100.0, "percent_covered_display": "100", "missing_lines": 0, "excluded_lines": 0, "percent_statements_covered": 100.0, "percent_statements_covered_display": "100"}, "missing_lines": [], "excluded_lines": [], "start_line": 28}, "test_repair_complex_cv_structure": {"executed_lines": [37, 44, 45, 47, 49, 50, 51], "summary": {"covered_lines": 7, "num_statements": 7, "percent_covered": 100.0, "percent_covered_display": "100", "missing_lines": 0, "excluded_lines": 0, "percent_statements_covered": 100.0, "percent_statements_covered_display": "100"}, "missing_lines": [], "excluded_lines": [], "start_line": 35}, "": {"executed_lines": [3, 4, 7, 14, 21, 28, 35, 54], "summary": {"covered_lines": 8, "num_statements": 14, "percent_covered": 57.142857142857146, "percent_covered_display": "57", "missing_lines": 6, "excluded_lines": 0, "percent_statements_covered": 57.142857142857146, "percent_statements_covered_display": "57"}, "missing_lines": [56, 57, 58, 59, 60, 61], "excluded_lines": [], "start_line": 1}}, "classes": {"": {"executed_lines": [3, 4, 7, 9, 10, 11, 14, 16, 17, 18, 21, 23, 24, 25, 28, 30, 31, 32, 35, 37, 44, 45, 47, 49, 50, 51, 54], "summary": {"covered_lines": 27, "num_statements": 33, "percent_covered": 81.81818181818181, "percent_covered_display": "82", "missing_lines": 6, "excluded_lines": 0, "percent_statements_covered": 81.81818181818181, "percent_statements_covered_display": "82"}, "missing_lines": [56, 57, 58, 59, 60, 61], "excluded_lines": [], "start_line": 1}}}, "tests/test_rate_limit_handling.py": {"executed_lines": [3, 4, 5, 6, 7, 8, 10, 11, 14, 15, 16, 19, 22, 23, 24, 25, 26, 29, 30, 35, 37, 40, 43, 44, 51, 55, 58, 59, 65, 68, 75, 77, 80, 83, 84, 87, 90, 108, 109, 110, 111], "summary": {"covered_lines": 41, "num_statements": 41, "percent_covered": 100.0, "percent_covered_display": "100", "missing_lines": 0, "excluded_lines": 0, "percent_statements_covered": 100.0, "percent_statements_covered_display": "100"}, "missing_lines": [], "excluded_lines": [], "functions": {"test_ai_client_rate_limit": {"executed_lines": [14, 15, 16, 19, 22, 23, 24, 25, 26, 29, 30, 35], "summary": {"covered_lines": 12, "num_statements": 12, "percent_covered": 100.0, "percent_covered_display": "100", "missing_lines": 0, "excluded_lines": 0, "percent_statements_covered": 100.0, "percent_statements_covered_display": "100"}, "missing_lines": [], "excluded_lines": [], "start_line": 11}, "test_workflow_orchestrator_rate_limit_fallback": {"executed_lines": [40, 43, 44, 51, 55, 58, 59, 65, 68, 75], "summary": {"covered_lines": 10, "num_statements": 10, "percent_covered": 100.0, "percent_covered_display": "100", "missing_lines": 0, "excluded_lines": 0, "percent_statements_covered": 100.0, "percent_statements_covered_display": "100"}, "missing_lines": [], "excluded_lines": [], "start_line": 37}, "test_cover_letter_rate_limit_fallback": {"executed_lines": [80, 83, 84, 87, 90, 108, 109, 110, 111], "summary": {"covered_lines": 9, "num_statements": 9, "percent_covered": 100.0, "percent_covered_display": "100", "missing_lines": 0, "excluded_lines": 0, "percent_statements_covered": 100.0, "percent_statements_covered_display": "100"}, "missing_lines": [], "excluded_lines": [], "start_line": 77}, "": {"executed_lines": [3, 4, 5, 6, 7, 8, 10, 11, 37, 77], "summary": {"covered_lines": 10, "num_statements": 10, "percent_covered": 100.0, "percent_covered_display": "100", "missing_lines": 0, "excluded_lines": 0, "percent_statements_covered": 100.0, "percent_statements_covered_display": "100"}, "missing_lines": [], "excluded_lines": [], "start_line": 1}}, "classes": {"": {"executed_lines": [3, 4, 5, 6, 7, 8, 10, 11, 14, 15, 16, 19, 22, 23, 24, 25, 26, 29, 30, 35, 37, 40, 43, 44, 51, 55, 58, 59, 65, 68, 75, 77, 80, 83, 84, 87, 90, 108, 109, 110, 111], "summary": {"covered_lines": 41, "num_statements": 41, "percent_covered": 100.0, "percent_covered_display": "100", "missing_lines": 0, "excluded_lines": 0, "percent_statements_covered": 100.0, "percent_statements_covered_display": "100"}, "missing_lines": [], "excluded_lines": [], "start_line": 1}}}, "tests/test_typst_generator.py": {"executed_lines": [3, 4, 5, 6, 7, 8, 11, 14, 17, 20, 62, 63, 66, 70, 72, 74, 75, 76, 79, 82, 84, 89, 94, 95, 97, 101, 102, 104, 107], "summary": {"covered_lines": 29, "num_statements": 37, "percent_covered": 78.37837837837837, "percent_covered_display": "78", "missing_lines": 8, "excluded_lines": 0, "percent_statements_covered": 78.37837837837837, "percent_statements_covered_display": "78"}, "missing_lines": [67, 80, 85, 87, 90, 91, 98, 108], "excluded_lines": [], "functions": {"test_typst_pdf_generation": {"executed_lines": [17, 20, 62, 63, 66, 70, 72, 74, 75, 76, 79, 82, 84, 89, 94, 95, 97, 101, 102, 104], "summary": {"covered_lines": 20, "num_statements": 27, "percent_covered": 74.07407407407408, "percent_covered_display": "74", "missing_lines": 7, "excluded_lines": 0, "percent_statements_covered": 74.07407407407408, "percent_statements_covered_display": "74"}, "missing_lines": [67, 80, 85, 87, 90, 91, 98], "excluded_lines": [], "start_line": 14}, "": {"executed_lines": [3, 4, 5, 6, 7, 8, 11, 14, 107], "summary": {"covered_lines": 9, "num_statements": 10, "percent_covered": 90.0, "percent_covered_display": "90", "missing_lines": 1, "excluded_lines": 0, "percent_statements_covered": 90.0, "percent_statements_covered_display": "90"}, "missing_lines": [108], "excluded_lines": [], "start_line": 1}}, "classes": {"": {"executed_lines": [3, 4, 5, 6, 7, 8, 11, 14, 17, 20, 62, 63, 66, 70, 72, 74, 75, 76, 79, 82, 84, 89, 94, 95, 97, 101, 102, 104, 107], "summary": {"covered_lines": 29, "num_statements": 37, "percent_covered": 78.37837837837837, "percent_covered_display": "78", "missing_lines": 8, "excluded_lines": 0, "percent_statements_covered": 78.37837837837837, "percent_statements_covered_display": "78"}, "missing_lines": [67, 80, 85, 87, 90, 91, 98, 108], "excluded_lines": [], "start_line": 1}}}}, "totals": {"covered_lines": 4078, "num_statements": 7229, "percent_covered": 56.4116751971227, "percent_covered_display": "56", "missing_lines": 3151, "excluded_lines": 0, "percent_statements_covered": 56.4116751971227, "percent_statements_covered_display": "56"}}