{"meta": {"format": 3, "version": "7.13.1", "timestamp": "2026-04-23T17:04:04.516493", "branch_coverage": false, "show_contexts": false}, "files": {"app/__init__.py": {"executed_lines": [7], "summary": {"covered_lines": 1, "num_statements": 1, "percent_covered": 100.0, "percent_covered_display": "100", "missing_lines": 0, "excluded_lines": 0, "percent_statements_covered": 100.0, "percent_statements_covered_display": "100"}, "missing_lines": [], "excluded_lines": [], "functions": {"": {"executed_lines": [7], "summary": {"covered_lines": 1, "num_statements": 1, "percent_covered": 100.0, "percent_covered_display": "100", "missing_lines": 0, "excluded_lines": 0, "percent_statements_covered": 100.0, "percent_statements_covered_display": "100"}, "missing_lines": [], "excluded_lines": [], "start_line": 1}}, "classes": {"": {"executed_lines": [7], "summary": {"covered_lines": 1, "num_statements": 1, "percent_covered": 100.0, "percent_covered_display": "100", "missing_lines": 0, "excluded_lines": 0, "percent_statements_covered": 100.0, "percent_statements_covered_display": "100"}, "missing_lines": [], "excluded_lines": [], "start_line": 1}}}, "app/config/__init__.py": {"executed_lines": [3, 4, 7, 9], "summary": {"covered_lines": 4, "num_statements": 4, "percent_covered": 100.0, "percent_covered_display": "100", "missing_lines": 0, "excluded_lines": 0, "percent_statements_covered": 100.0, "percent_statements_covered_display": "100"}, "missing_lines": [], "excluded_lines": [], "functions": {"": {"executed_lines": [3, 4, 7, 9], "summary": {"covered_lines": 4, "num_statements": 4, "percent_covered": 100.0, "percent_covered_display": "100", "missing_lines": 0, "excluded_lines": 0, "percent_statements_covered": 100.0, "percent_statements_covered_display": "100"}, "missing_lines": [], "excluded_lines": [], "start_line": 1}}, "classes": {"": {"executed_lines": [3, 4, 7, 9], "summary": {"covered_lines": 4, "num_statements": 4, "percent_covered": 100.0, "percent_covered_display": "100", "missing_lines": 0, "excluded_lines": 0, "percent_statements_covered": 100.0, "percent_statements_covered_display": "100"}, "missing_lines": [], "excluded_lines": [], "start_line": 1}}}, "app/config/settings.py": {"executed_lines": [3, 4, 6, 7, 10, 14, 15, 18, 21, 23, 24, 25, 27, 29, 30, 34, 35, 36, 39, 42, 45, 51, 56, 60, 64, 65, 67, 70, 73, 76, 79, 82, 87, 90, 93, 94, 95, 101, 104, 109, 112, 116, 121, 124, 128, 133, 137, 142, 153, 156, 162, 170, 175, 179, 184, 185, 191, 194, 197, 200, 204, 209, 212, 215, 220, 223, 227, 232, 235, 236, 239, 242, 245, 249, 256, 258, 272, 273, 275, 277, 280, 281, 283], "summary": {"covered_lines": 83, "num_statements": 85, "percent_covered": 97.6470588235294, "percent_covered_display": "98", "missing_lines": 2, "excluded_lines": 0, "percent_statements_covered": 97.6470588235294, "percent_statements_covered_display": "98"}, "missing_lines": [28, 31], "excluded_lines": [], "functions": {"Settings.parse_debug": {"executed_lines": [27, 29, 30], "summary": {"covered_lines": 3, "num_statements": 5, "percent_covered": 60.0, "percent_covered_display": "60", "missing_lines": 2, "excluded_lines": 0, "percent_statements_covered": 60.0, "percent_statements_covered_display": "60"}, "missing_lines": [28, 31], "excluded_lines": [], "start_line": 25}, "Settings.database_name": {"executed_lines": [67], "summary": {"covered_lines": 1, "num_statements": 1, "percent_covered": 100.0, "percent_covered_display": "100", "missing_lines": 0, "excluded_lines": 0, "percent_statements_covered": 100.0, "percent_statements_covered_display": "100"}, "missing_lines": [], "excluded_lines": [], "start_line": 65}, "Settings.get_database_config": {"executed_lines": [258], "summary": {"covered_lines": 1, "num_statements": 1, "percent_covered": 100.0, "percent_covered_display": "100", "missing_lines": 0, "excluded_lines": 0, "percent_statements_covered": 100.0, "percent_statements_covered_display": "100"}, "missing_lines": [], "excluded_lines": [], "start_line": 256}, "Settings._mask_mongodb_uri": {"executed_lines": [275, 277], "summary": {"covered_lines": 2, "num_statements": 2, "percent_covered": 100.0, "percent_covered_display": "100", "missing_lines": 0, "excluded_lines": 0, "percent_statements_covered": 100.0, "percent_statements_covered_display": "100"}, "missing_lines": [], "excluded_lines": [], "start_line": 273}, "get_settings": {"executed_lines": [283], "summary": {"covered_lines": 1, "num_statements": 1, "percent_covered": 100.0, "percent_covered_display": "100", "missing_lines": 0, "excluded_lines": 0, "percent_statements_covered": 100.0, "percent_statements_covered_display": "100"}, "missing_lines": [], "excluded_lines": [], "start_line": 281}, "": {"executed_lines": [3, 4, 6, 7, 10, 14, 15, 18, 21, 23, 24, 25, 34, 35, 36, 39, 42, 45, 51, 56, 60, 64, 65, 70, 73, 76, 79, 82, 87, 90, 93, 94, 95, 101, 104, 109, 112, 116, 121, 124, 128, 133, 137, 142, 153, 156, 162, 170, 175, 179, 184, 185, 191, 194, 197, 200, 204, 209, 212, 215, 220, 223, 227, 232, 235, 236, 239, 242, 245, 249, 256, 272, 273, 280, 281], "summary": {"covered_lines": 75, "num_statements": 75, "percent_covered": 100.0, "percent_covered_display": "100", "missing_lines": 0, "excluded_lines": 0, "percent_statements_covered": 100.0, "percent_statements_covered_display": "100"}, "missing_lines": [], "excluded_lines": [], "start_line": 1}}, "classes": {"Settings": {"executed_lines": [27, 29, 30, 67, 258, 275, 277], "summary": {"covered_lines": 7, "num_statements": 9, "percent_covered": 77.77777777777777, "percent_covered_display": "78", "missing_lines": 2, "excluded_lines": 0, "percent_statements_covered": 77.77777777777777, "percent_statements_covered_display": "78"}, "missing_lines": [28, 31], "excluded_lines": [], "start_line": 10}, "": {"executed_lines": [3, 4, 6, 7, 10, 14, 15, 18, 21, 23, 24, 25, 34, 35, 36, 39, 42, 45, 51, 56, 60, 64, 65, 70, 73, 76, 79, 82, 87, 90, 93, 94, 95, 101, 104, 109, 112, 116, 121, 124, 128, 133, 137, 142, 153, 156, 162, 170, 175, 179, 184, 185, 191, 194, 197, 200, 204, 209, 212, 215, 220, 223, 227, 232, 235, 236, 239, 242, 245, 249, 256, 272, 273, 280, 281, 283], "summary": {"covered_lines": 76, "num_statements": 76, "percent_covered": 100.0, "percent_covered_display": "100", "missing_lines": 0, "excluded_lines": 0, "percent_statements_covered": 100.0, "percent_statements_covered_display": "100"}, "missing_lines": [], "excluded_lines": [], "start_line": 1}}}, "app/prompts/__init__.py": {"executed_lines": [], "summary": {"covered_lines": 0, "num_statements": 0, "percent_covered": 100.0, "percent_covered_display": "100", "missing_lines": 0, "excluded_lines": 0, "percent_statements_covered": 100.0, "percent_statements_covered_display": "100"}, "missing_lines": [], "excluded_lines": [], "functions": {"": {"executed_lines": [], "summary": {"covered_lines": 0, "num_statements": 0, "percent_covered": 100.0, "percent_covered_display": "100", "missing_lines": 0, "excluded_lines": 0, "percent_statements_covered": 100.0, "percent_statements_covered_display": "100"}, "missing_lines": [], "excluded_lines": [], "start_line": 1}}, "classes": {"": {"executed_lines": [], "summary": {"covered_lines": 0, "num_statements": 0, "percent_covered": 100.0, "percent_covered_display": "100", "missing_lines": 0, "excluded_lines": 0, "percent_statements_covered": 100.0, "percent_statements_covered_display": "100"}, "missing_lines": [], "excluded_lines": [], "start_line": 1}}}, "app/services/__init__.py": {"executed_lines": [8, 9, 10, 11, 12, 13, 18, 20], "summary": {"covered_lines": 8, "num_statements": 8, "percent_covered": 100.0, "percent_covered_display": "100", "missing_lines": 0, "excluded_lines": 0, "percent_statements_covered": 100.0, "percent_statements_covered_display": "100"}, "missing_lines": [], "excluded_lines": [], "functions": {"": {"executed_lines": [8, 9, 10, 11, 12, 13, 18, 20], "summary": {"covered_lines": 8, "num_statements": 8, "percent_covered": 100.0, "percent_covered_display": "100", "missing_lines": 0, "excluded_lines": 0, "percent_statements_covered": 100.0, "percent_statements_covered_display": "100"}, "missing_lines": [], "excluded_lines": [], "start_line": 1}}, "classes": {"": {"executed_lines": [8, 9, 10, 11, 12, 13, 18, 20], "summary": {"covered_lines": 8, "num_statements": 8, "percent_covered": 100.0, "percent_covered_display": "100", "missing_lines": 0, "excluded_lines": 0, "percent_statements_covered": 100.0, "percent_statements_covered_display": "100"}, "missing_lines": [], "excluded_lines": [], "start_line": 1}}}, "app/services/ai_providers.py": {"executed_lines": [3, 4, 5, 6, 8, 9, 11, 12, 13, 15, 16, 19, 23, 41, 48, 49, 51, 53, 54, 59, 60, 61, 62, 63, 65, 66, 68, 70, 94, 97, 98, 99, 100, 103, 106, 107, 109, 110, 111, 112, 123, 124, 129, 130, 131, 132, 135, 136, 137, 139, 142, 143, 145, 147, 148, 149, 150, 152, 157, 162, 163, 166, 167, 170, 171, 172, 174, 176, 184, 193, 197, 199], "summary": {"covered_lines": 72, "num_statements": 78, "percent_covered": 92.3076923076923, "percent_covered_display": "92", "missing_lines": 6, "excluded_lines": 0, "percent_statements_covered": 92.3076923076923, "percent_statements_covered_display": "92"}, "missing_lines": [153, 154, 155, 158, 159, 160], "excluded_lines": [], "functions": {"AIProviderClient.__init__": {"executed_lines": [48, 49, 51, 53, 54, 59, 60, 61, 62, 63, 65, 66, 68], "summary": {"covered_lines": 13, "num_statements": 13, "percent_covered": 100.0, "percent_covered_display": "100", "missing_lines": 0, "excluded_lines": 0, "percent_statements_covered": 100.0, "percent_statements_covered_display": "100"}, "missing_lines": [], "excluded_lines": [], "start_line": 41}, "AIProviderClient.chat_completion": {"executed_lines": [94, 97, 98, 99, 100, 103, 106, 107, 109, 110, 111, 112, 123, 124, 129, 130, 131, 132, 135, 136, 137, 139, 142, 143, 145, 147, 148, 149, 150, 152, 157, 162, 163, 166, 167, 170, 171, 172], "summary": {"covered_lines": 38, "num_statements": 44, "percent_covered": 86.36363636363636, "percent_covered_display": "86", "missing_lines": 6, "excluded_lines": 0, "percent_statements_covered": 86.36363636363636, "percent_statements_covered_display": "86"}, "missing_lines": [153, 154, 155, 158, 159, 160], "excluded_lines": [], "start_line": 70}, "AIProviderClient.get_provider_info": {"executed_lines": [176], "summary": {"covered_lines": 1, "num_statements": 1, "percent_covered": 100.0, "percent_covered_display": "100", "missing_lines": 0, "excluded_lines": 0, "percent_statements_covered": 100.0, "percent_statements_covered_display": "100"}, "missing_lines": [], "excluded_lines": [], "start_line": 174}, "get_ai_client": {"executed_lines": [193], "summary": {"covered_lines": 1, "num_statements": 1, "percent_covered": 100.0, "percent_covered_display": "100", "missing_lines": 0, "excluded_lines": 0, "percent_statements_covered": 100.0, "percent_statements_covered_display": "100"}, "missing_lines": [], "excluded_lines": [], "start_line": 184}, "": {"executed_lines": [3, 4, 5, 6, 8, 9, 11, 12, 13, 15, 16, 19, 23, 41, 70, 174, 184, 197, 199], "summary": {"covered_lines": 19, "num_statements": 19, "percent_covered": 100.0, "percent_covered_display": "100", "missing_lines": 0, "excluded_lines": 0, "percent_statements_covered": 100.0, "percent_statements_covered_display": "100"}, "missing_lines": [], "excluded_lines": [], "start_line": 1}}, "classes": {"AIProviderClient": {"executed_lines": [48, 49, 51, 53, 54, 59, 60, 61, 62, 63, 65, 66, 68, 94, 97, 98, 99, 100, 103, 106, 107, 109, 110, 111, 112, 123, 124, 129, 130, 131, 132, 135, 136, 137, 139, 142, 143, 145, 147, 148, 149, 150, 152, 157, 162, 163, 166, 167, 170, 171, 172, 176], "summary": {"covered_lines": 52, "num_statements": 58, "percent_covered": 89.65517241379311, "percent_covered_display": "90", "missing_lines": 6, "excluded_lines": 0, "percent_statements_covered": 89.65517241379311, "percent_statements_covered_display": "90"}, "missing_lines": [153, 154, 155, 158, 159, 160], "excluded_lines": [], "start_line": 19}, "": {"executed_lines": [3, 4, 5, 6, 8, 9, 11, 12, 13, 15, 16, 19, 23, 41, 70, 174, 184, 193, 197, 199], "summary": {"covered_lines": 20, "num_statements": 20, "percent_covered": 100.0, "percent_covered_display": "100", "missing_lines": 0, "excluded_lines": 0, "percent_statements_covered": 100.0, "percent_statements_covered_display": "100"}, "missing_lines": [], "excluded_lines": [], "start_line": 1}}}, "app/services/cv_validator.py": {"executed_lines": [3, 4, 5, 7, 10, 13, 14, 23, 26, 27, 28, 31, 32, 33, 36, 37, 38, 41, 42, 43, 46, 47, 48, 50, 52, 53, 63, 64, 67, 68, 70, 73, 74, 77, 78, 81, 83, 84, 85, 86, 89, 96, 100, 103, 104, 107, 119, 120, 121, 126, 133, 134, 135, 138, 139, 141, 142, 145, 146, 147, 149, 150, 153, 154, 160, 168, 169, 178, 186, 189, 190, 193, 194, 197, 198, 201, 202, 205, 206, 208, 212], "summary": {"covered_lines": 81, "num_statements": 83, "percent_covered": 97.59036144578313, "percent_covered_display": "98", "missing_lines": 2, "excluded_lines": 0, "percent_statements_covered": 97.59036144578313, "percent_statements_covered_display": "98"}, "missing_lines": [93, 158], "excluded_lines": [], "functions": {"CVValidator.extract_contact_info": {"executed_lines": [23, 26, 27, 28, 31, 32, 33, 36, 37, 38, 41, 42, 43, 46, 47, 48, 50], "summary": {"covered_lines": 17, "num_statements": 17, "percent_covered": 100.0, "percent_covered_display": "100", "missing_lines": 0, "excluded_lines": 0, "percent_statements_covered": 100.0, "percent_statements_covered_display": "100"}, "missing_lines": [], "excluded_lines": [], "start_line": 14}, "CVValidator.validate_optimization": {"executed_lines": [63, 64, 67, 68, 70, 73, 74, 77, 78, 81, 83, 84, 85, 86, 89, 96, 100, 103, 104, 107, 119, 120, 121, 126, 133, 134, 135, 138, 139, 141, 142, 145, 146, 147, 149, 150, 153, 154, 160], "summary": {"covered_lines": 39, "num_statements": 41, "percent_covered": 95.1219512195122, "percent_covered_display": "95", "missing_lines": 2, "excluded_lines": 0, "percent_statements_covered": 95.1219512195122, "percent_statements_covered_display": "95"}, "missing_lines": [93, 158], "excluded_lines": [], "start_line": 53}, "CVValidator.validate_required_fields": {"executed_lines": [178, 186, 189, 190, 193, 194, 197, 198, 201, 202, 205, 206, 208, 212], "summary": {"covered_lines": 14, "num_statements": 14, "percent_covered": 100.0, "percent_covered_display": "100", "missing_lines": 0, "excluded_lines": 0, "percent_statements_covered": 100.0, "percent_statements_covered_display": "100"}, "missing_lines": [], "excluded_lines": [], "start_line": 169}, "": {"executed_lines": [3, 4, 5, 7, 10, 13, 14, 52, 53, 168, 169], "summary": {"covered_lines": 11, "num_statements": 11, "percent_covered": 100.0, "percent_covered_display": "100", "missing_lines": 0, "excluded_lines": 0, "percent_statements_covered": 100.0, "percent_statements_covered_display": "100"}, "missing_lines": [], "excluded_lines": [], "start_line": 1}}, "classes": {"CVValidator": {"executed_lines": [23, 26, 27, 28, 31, 32, 33, 36, 37, 38, 41, 42, 43, 46, 47, 48, 50, 63, 64, 67, 68, 70, 73, 74, 77, 78, 81, 83, 84, 85, 86, 89, 96, 100, 103, 104, 107, 119, 120, 121, 126, 133, 134, 135, 138, 139, 141, 142, 145, 146, 147, 149, 150, 153, 154, 160, 178, 186, 189, 190, 193, 194, 197, 198, 201, 202, 205, 206, 208, 212], "summary": {"covered_lines": 70, "num_statements": 72, "percent_covered": 97.22222222222223, "percent_covered_display": "97", "missing_lines": 2, "excluded_lines": 0, "percent_statements_covered": 97.22222222222223, "percent_statements_covered_display": "97"}, "missing_lines": [93, 158], "excluded_lines": [], "start_line": 10}, "": {"executed_lines": [3, 4, 5, 7, 10, 13, 14, 52, 53, 168, 169], "summary": {"covered_lines": 11, "num_statements": 11, "percent_covered": 100.0, "percent_covered_display": "100", "missing_lines": 0, "excluded_lines": 0, "percent_statements_covered": 100.0, "percent_statements_covered_display": "100"}, "missing_lines": [], "excluded_lines": [], "start_line": 1}}}, "app/services/resume/__init__.py": {"executed_lines": [], "summary": {"covered_lines": 0, "num_statements": 0, "percent_covered": 100.0, "percent_covered_display": "100", "missing_lines": 0, "excluded_lines": 0, "percent_statements_covered": 100.0, "percent_statements_covered_display": "100"}, "missing_lines": [], "excluded_lines": [], "functions": {"": {"executed_lines": [], "summary": {"covered_lines": 0, "num_statements": 0, "percent_covered": 100.0, "percent_covered_display": "100", "missing_lines": 0, "excluded_lines": 0, "percent_statements_covered": 100.0, "percent_statements_covered_display": "100"}, "missing_lines": [], "excluded_lines": [], "start_line": 1}}, "classes": {"": {"executed_lines": [], "summary": {"covered_lines": 0, "num_statements": 0, "percent_covered": 100.0, "percent_covered_display": "100", "missing_lines": 0, "excluded_lines": 0, "percent_statements_covered": 100.0, "percent_statements_covered_display": "100"}, "missing_lines": [], "excluded_lines": [], "start_line": 1}}}, "app/utils/__init__.py": {"executed_lines": [], "summary": {"covered_lines": 0, "num_statements": 0, "percent_covered": 100.0, "percent_covered_display": "100", "missing_lines": 0, "excluded_lines": 0, "percent_statements_covered": 100.0, "percent_statements_covered_display": "100"}, "missing_lines": [], "excluded_lines": [], "functions": {"": {"executed_lines": [], "summary": {"covered_lines": 0, "num_statements": 0, "percent_covered": 100.0, "percent_covered_display": "100", "missing_lines": 0, "excluded_lines": 0, "percent_statements_covered": 100.0, "percent_statements_covered_display": "100"}, "missing_lines": [], "excluded_lines": [], "start_line": 1}}, "classes": {"": {"executed_lines": [], "summary": {"covered_lines": 0, "num_statements": 0, "percent_covered": 100.0, "percent_covered_display": "100", "missing_lines": 0, "excluded_lines": 0, "percent_statements_covered": 100.0, "percent_statements_covered_display": "100"}, "missing_lines": [], "excluded_lines": [], "start_line": 1}}}, "app/utils/error_handler.py": {"executed_lines": [3, 4, 5, 6, 7, 9, 11, 14, 17, 25, 26, 27, 28, 29, 30, 31, 33, 35, 46, 49, 50, 54, 61, 62, 65, 66, 68, 70, 72, 73, 80, 82, 88, 89, 92, 93, 95, 97, 98, 102, 109, 112, 113, 114, 115, 116, 117, 120, 124, 125, 126, 127, 128, 137, 149, 152, 153, 154, 156, 157, 160, 161, 171, 173, 190, 193, 196, 204, 205, 206, 207, 208, 209, 212, 217, 220, 228, 229, 230, 231, 232, 233, 234, 236, 241, 248, 257, 269, 272, 273, 274, 275, 277, 278, 280, 281, 283, 285, 288, 293, 295], "summary": {"covered_lines": 101, "num_statements": 108, "percent_covered": 93.51851851851852, "percent_covered_display": "94", "missing_lines": 7, "excluded_lines": 0, "percent_statements_covered": 93.51851851851852, "percent_statements_covered_display": "94"}, "missing_lines": [132, 133, 175, 177, 188, 210, 259], "excluded_lines": [], "functions": {"DetailedError.__init__": {"executed_lines": [25, 26, 27, 28, 29, 30, 31], "summary": {"covered_lines": 7, "num_statements": 7, "percent_covered": 100.0, "percent_covered_display": "100", "missing_lines": 0, "excluded_lines": 0, "percent_statements_covered": 100.0, "percent_statements_covered_display": "100"}, "missing_lines": [], "excluded_lines": [], "start_line": 17}, "DetailedError.to_dict": {"executed_lines": [35], "summary": {"covered_lines": 1, "num_statements": 1, "percent_covered": 100.0, "percent_covered_display": "100", "missing_lines": 0, "excluded_lines": 0, "percent_statements_covered": 100.0, "percent_statements_covered_display": "100"}, "missing_lines": [], "excluded_lines": [], "start_line": 33}, "ErrorHandler.log_error": {"executed_lines": [54, 61, 62, 65, 66, 68, 70], "summary": {"covered_lines": 7, "num_statements": 7, "percent_covered": 100.0, "percent_covered_display": "100", "missing_lines": 0, "excluded_lines": 0, "percent_statements_covered": 100.0, "percent_statements_covered_display": "100"}, "missing_lines": [], "excluded_lines": [], "start_line": 50}, "ErrorHandler.create_http_exception": {"executed_lines": [80, 82, 88, 89, 92, 93, 95], "summary": {"covered_lines": 7, "num_statements": 7, "percent_covered": 100.0, "percent_covered_display": "100", "missing_lines": 0, "excluded_lines": 0, "percent_statements_covered": 100.0, "percent_statements_covered_display": "100"}, "missing_lines": [], "excluded_lines": [], "start_line": 73}, "ErrorHandler.handle_ai_api_error": {"executed_lines": [102, 109, 112, 113, 114, 115, 116, 117, 120, 124, 125, 126, 127, 128, 137], "summary": {"covered_lines": 15, "num_statements": 17, "percent_covered": 88.23529411764706, "percent_covered_display": "88", "missing_lines": 2, "excluded_lines": 0, "percent_statements_covered": 88.23529411764706, "percent_statements_covered_display": "88"}, "missing_lines": [132, 133], "excluded_lines": [], "start_line": 98}, "debug_endpoint": {"executed_lines": [152, 153, 190], "summary": {"covered_lines": 3, "num_statements": 3, "percent_covered": 100.0, "percent_covered_display": "100", "missing_lines": 0, "excluded_lines": 0, "percent_statements_covered": 100.0, "percent_statements_covered_display": "100"}, "missing_lines": [], "excluded_lines": [], "start_line": 149}, "debug_endpoint.wrapper": {"executed_lines": [154, 156, 157, 160, 161, 171, 173], "summary": {"covered_lines": 7, "num_statements": 10, "percent_covered": 70.0, "percent_covered_display": "70", "missing_lines": 3, "excluded_lines": 0, "percent_statements_covered": 70.0, "percent_statements_covered_display": "70"}, "missing_lines": [175, 177, 188], "excluded_lines": [], "start_line": 153}, "ValidationError.__init__": {"executed_lines": [204, 205, 206, 207, 208, 209, 212], "summary": {"covered_lines": 7, "num_statements": 8, "percent_covered": 87.5, "percent_covered_display": "88", "missing_lines": 1, "excluded_lines": 0, "percent_statements_covered": 87.5, "percent_statements_covered_display": "88"}, "missing_lines": [210], "excluded_lines": [], "start_line": 196}, "ConfigurationError.__init__": {"executed_lines": [228, 229, 230, 231, 232, 233, 234, 236], "summary": {"covered_lines": 8, "num_statements": 8, "percent_covered": 100.0, "percent_covered_display": "100", "missing_lines": 0, "excluded_lines": 0, "percent_statements_covered": 100.0, "percent_statements_covered_display": "100"}, "missing_lines": [], "excluded_lines": [], "start_line": 220}, "create_error_response": {"executed_lines": [248], "summary": {"covered_lines": 1, "num_statements": 1, "percent_covered": 100.0, "percent_covered_display": "100", "missing_lines": 0, "excluded_lines": 0, "percent_statements_covered": 100.0, "percent_statements_covered_display": "100"}, "missing_lines": [], "excluded_lines": [], "start_line": 241}, "log_performance": {"executed_lines": [], "summary": {"covered_lines": 0, "num_statements": 1, "percent_covered": 0.0, "percent_covered_display": "0", "missing_lines": 1, "excluded_lines": 0, "percent_statements_covered": 0.0, "percent_statements_covered_display": "0"}, "missing_lines": [259], "excluded_lines": [], "start_line": 257}, "ErrorContext.__init__": {"executed_lines": [273, 274, 275], "summary": {"covered_lines": 3, "num_statements": 3, "percent_covered": 100.0, "percent_covered_display": "100", "missing_lines": 0, "excluded_lines": 0, "percent_statements_covered": 100.0, "percent_statements_covered_display": "100"}, "missing_lines": [], "excluded_lines": [], "start_line": 272}, "ErrorContext.__enter__": {"executed_lines": [278], "summary": {"covered_lines": 1, "num_statements": 1, "percent_covered": 100.0, "percent_covered_display": "100", "missing_lines": 0, "excluded_lines": 0, "percent_statements_covered": 100.0, "percent_statements_covered_display": "100"}, "missing_lines": [], "excluded_lines": [], "start_line": 277}, "ErrorContext.__exit__": {"executed_lines": [281, 283, 285, 288, 293, 295], "summary": {"covered_lines": 6, "num_statements": 6, "percent_covered": 100.0, "percent_covered_display": "100", "missing_lines": 0, "excluded_lines": 0, "percent_statements_covered": 100.0, "percent_statements_covered_display": "100"}, "missing_lines": [], "excluded_lines": [], "start_line": 280}, "": {"executed_lines": [3, 4, 5, 6, 7, 9, 11, 14, 17, 33, 46, 49, 50, 72, 73, 97, 98, 149, 193, 196, 217, 220, 241, 257, 269, 272, 277, 280], "summary": {"covered_lines": 28, "num_statements": 28, "percent_covered": 100.0, "percent_covered_display": "100", "missing_lines": 0, "excluded_lines": 0, "percent_statements_covered": 100.0, "percent_statements_covered_display": "100"}, "missing_lines": [], "excluded_lines": [], "start_line": 1}}, "classes": {"DetailedError": {"executed_lines": [25, 26, 27, 28, 29, 30, 31, 35], "summary": {"covered_lines": 8, "num_statements": 8, "percent_covered": 100.0, "percent_covered_display": "100", "missing_lines": 0, "excluded_lines": 0, "percent_statements_covered": 100.0, "percent_statements_covered_display": "100"}, "missing_lines": [], "excluded_lines": [], "start_line": 14}, "ErrorHandler": {"executed_lines": [54, 61, 62, 65, 66, 68, 70, 80, 82, 88, 89, 92, 93, 95, 102, 109, 112, 113, 114, 115, 116, 117, 120, 124, 125, 126, 127, 128, 137], "summary": {"covered_lines": 29, "num_statements": 31, "percent_covered": 93.54838709677419, "percent_covered_display": "94", "missing_lines": 2, "excluded_lines": 0, "percent_statements_covered": 93.54838709677419, "percent_statements_covered_display": "94"}, "missing_lines": [132, 133], "excluded_lines": [], "start_line": 46}, "ValidationError": {"executed_lines": [204, 205, 206, 207, 208, 209, 212], "summary": {"covered_lines": 7, "num_statements": 8, "percent_covered": 87.5, "percent_covered_display": "88", "missing_lines": 1, "excluded_lines": 0, "percent_statements_covered": 87.5, "percent_statements_covered_display": "88"}, "missing_lines": [210], "excluded_lines": [], "start_line": 193}, "ConfigurationError": {"executed_lines": [228, 229, 230, 231, 232, 233, 234, 236], "summary": {"covered_lines": 8, "num_statements": 8, "percent_covered": 100.0, "percent_covered_display": "100", "missing_lines": 0, "excluded_lines": 0, "percent_statements_covered": 100.0, "percent_statements_covered_display": "100"}, "missing_lines": [], "excluded_lines": [], "start_line": 217}, "ErrorContext": {"executed_lines": [273, 274, 275, 278, 281, 283, 285, 288, 293, 295], "summary": {"covered_lines": 10, "num_statements": 10, "percent_covered": 100.0, "percent_covered_display": "100", "missing_lines": 0, "excluded_lines": 0, "percent_statements_covered": 100.0, "percent_statements_covered_display": "100"}, "missing_lines": [], "excluded_lines": [], "start_line": 269}, "": {"executed_lines": [3, 4, 5, 6, 7, 9, 11, 14, 17, 33, 46, 49, 50, 72, 73, 97, 98, 149, 152, 153, 154, 156, 157, 160, 161, 171, 173, 190, 193, 196, 217, 220, 241, 248, 257, 269, 272, 277, 280], "summary": {"covered_lines": 39, "num_statements": 43, "percent_covered": 90.69767441860465, "percent_covered_display": "91", "missing_lines": 4, "excluded_lines": 0, "percent_statements_covered": 90.69767441860465, "percent_statements_covered_display": "91"}, "missing_lines": [175, 177, 188, 259], "excluded_lines": [], "start_line": 1}}}}, "totals": {"covered_lines": 350, "num_statements": 367, "percent_covered": 95.36784741144415, "percent_covered_display": "95", "missing_lines": 17, "excluded_lines": 0, "percent_statements_covered": 95.36784741144415, "percent_statements_covered_display": "95"}}